[BOOKING-STATUS] 2025-08-12 06:35:29 - Database configuration file not found
[BOOKING-STATUS] 2025-08-12 06:42:10 - Looking up booking ID: 3 with contact: bobo@gmail.com
[BOOKING-STATUS] 2025-08-12 06:42:10 - Successfully found booking for ID: 3
[BOOKING-STATUS] 2025-08-12 06:47:30 - Looking up booking ID: 3 with contact: bobo@gmail.com
[BOOKING-STATUS] 2025-08-12 06:47:30 - Successfully found booking for ID: 3
[BOOKING-STATUS] 2025-08-12 06:48:04 - Looking up booking ID: 2 with contact: janice@hotel.com
[BOOKING-STATUS] 2025-08-12 06:48:04 - Successfully found booking for ID: 2
[BOOKING-STATUS] 2025-08-12 08:13:12 - Looking up booking ID: 3 with contact: bobo@gmail.com
[BOOKING-STATUS] 2025-08-12 08:13:12 - Successfully found booking for ID: 3
[BOOKING-STATUS] 2025-08-12 12:18:38 - Looking up booking ID: 2 with contact: janice@hotel.com
[BOOKING-STATUS] 2025-08-12 12:18:38 - Successfully found booking for ID: 2
[BOOKING-STATUS] 2025-08-13 04:44:32 - Looking up booking ID: 3 with contact: bobo@gmail.com
[BOOKING-STATUS] 2025-08-13 04:44:32 - Successfully found booking for ID: 3
[BOOKING-STATUS] 2025-08-13 04:47:53 - Looking up booking ID: 4 with contact: john@hotel.com
[BOOKING-STATUS] 2025-08-13 04:47:53 - Successfully found booking for ID: 4
[BOOKING-STATUS] 2025-08-14 09:44:01 - Looking up booking ID: 3 with contact: bobo@gmail.com
[BOOKING-STATUS] 2025-08-14 09:44:01 - Successfully found booking for ID: 3
[BOOKING-STATUS] 2025-08-15 03:04:28 - Looking up booking ID: 3 with contact: bobo@gmail.com
[BOOKING-STATUS] 2025-08-15 03:04:28 - Successfully found booking for ID: 3
[BOOKING-STATUS] 2025-08-15 12:04:40 - Looking up booking ID: 5 with contact: noel@hotel.conm
[BOOKING-STATUS] 2025-08-15 12:04:40 - No booking found for ID: 5 with contact: noel@hotel.conm
[BOOKING-STATUS] 2025-08-15 12:04:55 - Looking up booking ID: 5 with contact: noel@hotel.com
[BOOKING-STATUS] 2025-08-15 12:04:55 - Successfully found booking for ID: 5
[BOOKING-STATUS] 2025-08-17 04:31:15 - Looking up booking ID: 8 with contact: yoyo@gmail.com
[BOOKING-STATUS] 2025-08-17 04:31:15 - Successfully found booking for ID: 8
[BOOKING-STATUS] 2025-08-18 13:55:25 - Looking up booking ID: 13 with contact: christianboncales@gmail.com
[BOOKING-STATUS] 2025-08-18 13:55:25 - Successfully found booking for ID: 13
[BOOKING-STATUS] 2025-08-18 13:57:06 - Looking up booking ID: 14 with contact: shangkaibai@hotel.com
[BOOKING-STATUS] 2025-08-18 13:57:06 - Successfully found booking for ID: 14
[BOOKING-STATUS] 2025-08-20 01:54:14 - Looking up booking ID: 13 with contact: christianboncales@gmail.com
[BOOKING-STATUS] 2025-08-20 01:54:14 - Successfully found booking for ID: 13
[BOOKING-STATUS] 2025-08-20 01:54:35 - Looking up booking ID: 13 with contact: christianboncales@gmail.com
[BOOKING-STATUS] 2025-08-20 01:54:35 - Successfully found booking for ID: 13
[BOOKING-STATUS] 2025-08-20 01:55:06 - Looking up booking ID: 13 with contact: christianboncales@gmail.com
[BOOKING-STATUS] 2025-08-20 01:55:06 - Successfully found booking for ID: 13
[BOOKING-STATUS] 2025-08-20 01:55:20 - Looking up booking ID: 13 with contact: christianboncales@gmail.com
[BOOKING-STATUS] 2025-08-20 01:55:20 - Successfully found booking for ID: 13
[BOOKING-STATUS] 2025-08-20 07:41:37 - Looking up booking ID: 18 with contact: apple@gmail.com
[BOOKING-STATUS] 2025-08-20 07:41:37 - Successfully found booking for ID: 18
[BOOKING-STATUS] 2025-08-20 07:42:05 - Looking up booking ID: 18 with contact: apple@gmail.com
[BOOKING-STATUS] 2025-08-20 07:42:05 - Successfully found booking for ID: 18
[BOOKING-STATUS] 2025-08-20 08:27:38 - Looking up booking ID: 18 with contact: apple@hotel.com
[BOOKING-STATUS] 2025-08-20 08:27:38 - No booking found for ID: 18 with contact: apple@hotel.com
[BOOKING-STATUS] 2025-08-20 08:27:48 - Looking up booking ID: 18 with contact: apple@gmail.com
[BOOKING-STATUS] 2025-08-20 08:27:48 - Successfully found booking for ID: 18
[BOOKING-STATUS] 2025-08-20 08:55:28 - Looking up booking ID: 19 with contact: kennethlopez@gmail.com
[BOOKING-STATUS] 2025-08-20 08:55:28 - Successfully found booking for ID: 19
[BOOKING-STATUS] 2025-08-20 09:13:40 - Looking up booking ID: 18 with contact: apple@gmail.com
[BOOKING-STATUS] 2025-08-20 09:13:40 - Successfully found booking for ID: 18
[BOOKING-STATUS] 2025-08-20 09:16:29 - Looking up booking ID: 20 with contact: clintdenzelplaza@gmail.com
[BOOKING-STATUS] 2025-08-20 09:16:29 - Successfully found booking for ID: 20
[BOOKING-STATUS] 2025-08-20 09:16:54 - Looking up booking ID: 20 with contact: clintdenzelplaza@gmail.com
[BOOKING-STATUS] 2025-08-20 09:16:54 - Successfully found booking for ID: 20
[BOOKING-STATUS] 2025-08-20 09:17:45 - Looking up booking ID: 20 with contact: clintdenzelplaza@gmail.com
[BOOKING-STATUS] 2025-08-20 09:17:45 - Successfully found booking for ID: 20
[BOOKING-STATUS] 2025-08-20 09:18:09 - Looking up booking ID: 20 with contact: clintdenzelplaza@gmail.com
[BOOKING-STATUS] 2025-08-20 09:18:09 - Successfully found booking for ID: 20
[BOOKING-STATUS] 2025-08-20 12:31:32 - Looking up booking ID: 20 with contact: arline@gmail.com
[BOOKING-STATUS] 2025-08-20 12:31:32 - No booking found for ID: 20 with contact: arline@gmail.com
[BOOKING-STATUS] 2025-08-20 12:33:50 - Looking up booking ID: 21 with contact: arline@gmail.com
[BOOKING-STATUS] 2025-08-20 12:33:50 - Successfully found booking for ID: 21
[BOOKING-STATUS] 2025-08-20 12:46:35 - Looking up booking ID: 22 with contact: haro@gmail.com
[BOOKING-STATUS] 2025-08-20 12:46:35 - Successfully found booking for ID: 22
[BOOKING-STATUS] 2025-08-21 04:05:31 - Looking up booking ID: 23 with contact: applejane@gmail.com
[BOOKING-STATUS] 2025-08-21 04:05:31 - Successfully found booking for ID: 23
[BOOKING-STATUS] 2025-08-21 06:47:54 - Looking up booking ID: 22 with contact: apple@hotel.com
[BOOKING-STATUS] 2025-08-21 06:47:54 - No booking found for ID: 22 with contact: apple@hotel.com
[BOOKING-STATUS] 2025-08-21 06:48:00 - Looking up booking ID: 21 with contact: apple@hotel.com
[BOOKING-STATUS] 2025-08-21 06:48:00 - No booking found for ID: 21 with contact: apple@hotel.com
[BOOKING-STATUS] 2025-08-22 01:18:08 - Looking up booking ID: 22 with contact: haro@gmail.com
[BOOKING-STATUS] 2025-08-22 01:18:08 - Successfully found booking for ID: 22
[BOOKING-STATUS] 2025-08-22 01:20:58 - Looking up booking ID: 23 with contact: shandypqcana@gmail.com
[BOOKING-STATUS] 2025-08-22 01:20:58 - Successfully found booking for ID: 23
[BOOKING-STATUS] 2025-08-22 01:21:37 - Looking up booking ID: 23 with contact: shandypqcana@gmail.com
[BOOKING-STATUS] 2025-08-22 01:21:37 - Successfully found booking for ID: 23
[BOOKING-STATUS] 2025-08-22 01:24:37 - Looking up booking ID: 24 with contact: apol@gmail.com
[BOOKING-STATUS] 2025-08-22 01:24:37 - Successfully found booking for ID: 24
[BOOKING-STATUS] 2025-08-22 05:30:57 - Looking up booking ID: 23 with contact: haro@gmail.com
[BOOKING-STATUS] 2025-08-22 05:30:57 - No booking found for ID: 23 with contact: haro@gmail.com
[BOOKING-STATUS] 2025-08-22 12:19:15 - Looking up booking ID: 23 with contact: christianboncales@gmail.com
[BOOKING-STATUS] 2025-08-22 12:19:15 - Successfully found booking for ID: 23
[BOOKING-STATUS] 2025-08-24 17:04:59 - Looking up booking ID: 29 with contact: janicejamito@gmail.com
[BOOKING-STATUS] 2025-08-24 17:04:59 - Successfully found booking for ID: 29
[BOOKING-STATUS] 2025-08-26 11:51:37 - Looking up booking ID: 32 with contact: garey@gmail.com
[BOOKING-STATUS] 2025-08-26 11:51:37 - Successfully found booking for ID: 32
[BOOKING-STATUS] 2025-08-26 11:53:08 - Looking up booking ID: 32 with contact: garey@gmail.com
[BOOKING-STATUS] 2025-08-26 11:53:08 - Successfully found booking for ID: 32
[BOOKING-STATUS] 2025-08-27 04:32:01 - Looking up booking ID: 33 with contact: jane@gmail.com
[BOOKING-STATUS] 2025-08-27 04:32:01 - No booking found for ID: 33 with contact: jane@gmail.com
[BOOKING-STATUS] 2025-08-27 04:34:24 - Looking up booking ID: 33 with contact: jane@gmail.com
[BOOKING-STATUS] 2025-08-27 04:34:24 - No booking found for ID: 33 with contact: jane@gmail.com
[BOOKING-STATUS] 2025-08-27 04:36:30 - Looking up booking ID: 35 with contact: apoledrolin@gmail.com
[BOOKING-STATUS] 2025-08-27 04:36:30 - Successfully found booking for ID: 35
[BOOKING-STATUS] 2025-09-04 06:08:03 - Looking up booking ID: 37 with contact: john@hotel.com
[BOOKING-STATUS] 2025-09-04 06:08:03 - Successfully found booking for ID: 37
