[ROOMS] 2025-08-15 21:11:26 - Retrieved 27 rooms (page 1 of 1)
[ROOMS] 2025-08-15 21:12:22 - Retrieved 27 rooms (page 1 of 1)
[ROOMS] 2025-08-15 21:24:52 - Retrieved 27 rooms (page 1 of 1)
[ROOMS] 2025-08-15 21:24:54 - Retrieved 27 rooms (page 1 of 1)
[ROOMS] 2025-08-15 21:26:52 - Bulk created 5 rooms
[ROOMS] 2025-08-15 21:26:52 - Retrieved 32 rooms (page 1 of 1)
[ROOMS] 2025-08-15 21:27:02 - Retrieved 20 rooms (page 1 of 2)
[ROOMS] 2025-08-15 21:27:06 - Retrieved 12 rooms (page 2 of 2)
[ROOMS] 2025-08-15 21:29:21 - Retrieved 32 rooms (page 1 of 1)
[ROOMS] 2025-08-15 21:29:29 - Retrieved 32 rooms (page 1 of 1)
[ROOMS] 2025-08-15 21:30:26 - Retrieved 20 rooms (page 1 of 2)
[ROOMS] 2025-08-15 21:30:27 - Retrieved 12 rooms (page 2 of 2)
[ROOMS] 2025-08-15 21:30:30 - Retrieved 20 rooms (page 1 of 2)
[ROOMS] 2025-08-15 21:32:01 - Retrieved 32 rooms (page 1 of 1)
[ROOMS] 2025-08-15 21:37:27 - Retrieved 32 rooms (page 1 of 1)
[ROOMS] 2025-08-15 21:37:53 - Retrieved 32 rooms (page 1 of 1)
[ROOMS] 2025-08-15 21:38:51 - Retrieved 32 rooms (page 1 of 1)
[ROOMS] 2025-08-15 21:41:39 - Retrieved 32 rooms (page 1 of 1)
[ROOMS] 2025-08-15 21:42:09 - Retrieved 32 rooms (page 1 of 1)
[ROOMS] 2025-08-15 21:54:32 - Retrieved 32 rooms (page 1 of 1)
[ROOMS] 2025-08-16 01:18:55 - Retrieved 32 rooms (page 1 of 1)
[ROOMS] 2025-08-16 01:19:13 - Retrieved 32 rooms (page 1 of 1)
[ROOMS] 2025-08-16 01:19:18 - Retrieved 20 rooms (page 1 of 2)
[ROOMS] 2025-08-16 01:19:21 - Retrieved 12 rooms (page 2 of 2)
[ROOMS] 2025-08-16 01:19:30 - Retrieved 20 rooms (page 1 of 2)
[ROOMS] 2025-08-16 01:20:10 - Retrieved 32 rooms (page 1 of 1)
[ROOMS] 2025-08-16 01:25:39 - Retrieved 32 rooms (page 1 of 1)
[ROOMS] 2025-08-16 01:25:42 - Retrieved 32 rooms (page 1 of 1)
[ROOMS] 2025-08-16 01:26:54 - Retrieved 32 rooms (page 1 of 1)
[ROOMS] 2025-08-16 01:54:38 - Retrieved 32 rooms (page 1 of 1)
[ROOMS] 2025-08-16 01:54:56 - Retrieved 6 rooms (page 1 of 1)
[ROOMS] 2025-08-16 01:54:58 - Retrieved 5 rooms (page 1 of 1)
[ROOMS] 2025-08-16 01:55:03 - Retrieved 5 rooms (page 1 of 1)
[ROOMS] 2025-08-16 01:55:06 - Retrieved 0 rooms (page 1 of 0)
[ROOMS] 2025-08-16 01:55:11 - Retrieved 32 rooms (page 1 of 1)
[ROOMS] 2025-08-16 01:55:16 - Retrieved 20 rooms (page 1 of 2)
[ROOMS] 2025-08-16 01:55:17 - Retrieved 12 rooms (page 2 of 2)
[ROOMS] 2025-08-16 01:57:54 - Retrieved 32 rooms (page 1 of 1)
[ROOMS] 2025-08-16 02:04:16 - Retrieved 32 rooms (page 1 of 1)
[ROOMS] 2025-08-16 02:04:26 - Retrieved 32 rooms (page 1 of 1)
[ROOMS] 2025-08-16 02:12:54 - Retrieved 32 rooms (page 1 of 1)
[ROOMS] 2025-08-16 02:14:25 - Retrieved 32 rooms (page 1 of 1)
[ROOMS] 2025-08-16 02:14:31 - Retrieved 32 rooms (page 1 of 1)
[ROOMS] 2025-08-16 07:11:06 - Retrieved 32 rooms (page 1 of 1)
[ROOMS] 2025-08-16 07:23:38 - Retrieved 32 rooms (page 1 of 1)
[ROOMS] 2025-08-16 07:23:40 - Retrieved 32 rooms (page 1 of 1)
[ROOMS] 2025-08-16 07:41:21 - Retrieved 32 rooms (page 1 of 1)
[ROOMS] 2025-08-16 07:41:38 - Retrieved 32 rooms (page 1 of 1)
[ROOMS] 2025-08-16 07:48:45 - Retrieved 32 rooms (page 1 of 1)
[ROOMS] 2025-08-16 07:50:07 - Retrieved 32 rooms (page 1 of 1)
[ROOMS] 2025-08-16 08:00:07 - Retrieved 32 rooms (page 1 of 1)
[ROOMS] 2025-08-16 08:01:01 - Retrieved 32 rooms (page 1 of 1)
[ROOMS] 2025-08-16 08:01:42 - Retrieved 32 rooms (page 1 of 1)
[ROOMS] 2025-08-16 08:01:59 - Retrieved 32 rooms (page 1 of 1)
[ROOMS] 2025-08-16 08:03:50 - Error updating room: Room not found or no changes made
[ROOMS] 2025-08-16 08:04:11 - Retrieved 32 rooms (page 1 of 1)
[ROOMS] 2025-08-16 08:04:37 - Error updating room: Room not found or no changes made
[ROOMS] 2025-08-16 08:04:41 - Error updating room: Room not found or no changes made
[ROOMS] 2025-08-16 08:07:01 - Error updating room: Room not found or no changes made
[ROOMS] 2025-08-16 09:59:48 - Retrieved 32 rooms (page 1 of 1)
[ROOMS] 2025-08-16 09:59:57 - Error updating room: Room not found or no changes made
[ROOMS] 2025-08-16 10:00:01 - Retrieved 32 rooms (page 1 of 1)
[ROOMS] 2025-08-16 10:00:22 - Retrieved 32 rooms (page 1 of 1)
[ROOMS] 2025-08-16 10:02:02 - Retrieved 32 rooms (page 1 of 1)
[ROOMS] 2025-08-16 10:02:12 - Error updating room: Room not found or no changes made
[ROOMS] 2025-08-16 10:02:17 - Error updating room: Room not found or no changes made
[ROOMS] 2025-08-16 10:03:39 - Error updating room: Room not found or no changes made
[ROOMS] 2025-08-16 10:03:40 - Error updating room: Room not found or no changes made
[ROOMS] 2025-08-16 10:03:40 - Error updating room: Room not found or no changes made
[ROOMS] 2025-08-16 10:03:40 - Error updating room: Room not found or no changes made
[ROOMS] 2025-08-16 10:04:09 - Retrieved 32 rooms (page 1 of 1)
[ROOMS] 2025-08-16 10:20:21 - Retrieved 32 rooms (page 1 of 1)
[ROOMS] 2025-08-16 10:23:02 - Retrieved 32 rooms (page 1 of 1)
[ROOMS] 2025-08-16 10:23:07 - Retrieved 30 rooms (page 1 of 1)
[ROOMS] 2025-08-16 10:23:10 - Retrieved 0 rooms (page 1 of 0)
[ROOMS] 2025-08-16 10:23:51 - Room created with ID: 33
[ROOMS] 2025-08-16 10:23:51 - Retrieved 1 rooms (page 1 of 1)
[ROOMS] 2025-08-16 10:24:01 - Error updating room: Room not found or no changes made
[ROOMS] 2025-08-16 10:24:03 - Error updating room: Room not found or no changes made
[ROOMS] 2025-08-16 10:24:07 - Retrieved 31 rooms (page 1 of 1)
[ROOMS] 2025-08-16 10:24:09 - Retrieved 33 rooms (page 1 of 1)
[ROOMS] 2025-08-16 10:24:11 - Retrieved 1 rooms (page 1 of 1)
[ROOMS] 2025-08-16 10:27:03 - Retrieved 33 rooms (page 1 of 1)
[ROOMS] 2025-08-16 10:27:06 - Retrieved 0 rooms (page 1 of 0)
[ROOMS] 2025-08-16 10:27:07 - Retrieved 5 rooms (page 1 of 1)
[ROOMS] 2025-08-16 10:27:09 - Retrieved 5 rooms (page 1 of 1)
[ROOMS] 2025-08-16 10:27:13 - Retrieved 20 rooms (page 1 of 2)
[ROOMS] 2025-08-16 10:27:14 - Retrieved 13 rooms (page 2 of 2)
[ROOMS] 2025-08-16 10:27:15 - Retrieved 20 rooms (page 1 of 2)
[ROOMS] 2025-08-16 10:27:24 - Retrieved 0 rooms (page 1 of 0)
[ROOMS] 2025-08-16 10:27:25 - Retrieved 20 rooms (page 1 of 2)
[ROOMS] 2025-08-16 11:39:16 - Retrieved 33 rooms (page 1 of 1)
[ROOMS] 2025-08-16 13:01:37 - Retrieved 33 rooms (page 1 of 1)
[ROOMS] 2025-08-16 13:01:40 - Retrieved 33 rooms (page 1 of 1)
[ROOMS] 2025-08-16 13:02:42 - Retrieved 33 rooms (page 1 of 1)
[ROOMS] 2025-08-16 13:02:49 - Error updating room: Room not found or no changes made
[ROOMS] 2025-08-16 13:02:54 - Retrieved 33 rooms (page 1 of 1)
[ROOMS] 2025-08-16 13:22:10 - Error updating room: Room not found or no changes made
[ROOMS] 2025-08-16 14:22:08 - Retrieved 33 rooms (page 1 of 1)
[ROOMS] 2025-08-16 14:22:17 - Error updating room: Room not found or no changes made
[ROOMS] 2025-08-16 14:43:10 - Retrieved 33 rooms (page 1 of 1)
[ROOMS] 2025-08-16 14:44:01 - Room created with ID: 34
[ROOMS] 2025-08-16 14:44:01 - Retrieved 34 rooms (page 1 of 1)
[ROOMS] 2025-08-16 14:44:05 - Retrieved 32 rooms (page 1 of 1)
[ROOMS] 2025-08-16 14:44:06 - Retrieved 6 rooms (page 1 of 1)
[ROOMS] 2025-08-16 14:44:07 - Retrieved 1 rooms (page 1 of 1)
[ROOMS] 2025-08-16 14:45:09 - Error updating room: Room not found or no changes made
[ROOMS] 2025-08-16 14:51:14 - Retrieved 34 rooms (page 1 of 1)
[ROOMS] 2025-08-16 14:51:17 - Error updating room: Room not found or no changes made
[ROOMS] 2025-08-16 14:52:57 - Retrieved 34 rooms (page 1 of 1)
[ROOMS] 2025-08-16 14:52:59 - Retrieved 34 rooms (page 1 of 1)
[ROOMS] 2025-08-16 14:53:03 - Retrieved 34 rooms (page 1 of 1)
[ROOMS] 2025-08-16 14:53:28 - Retrieved 8 rooms (page 1 of 1)
[ROOMS] 2025-08-16 14:53:29 - Retrieved 6 rooms (page 1 of 1)
[ROOMS] 2025-08-16 15:01:40 - Retrieved 34 rooms (page 1 of 1)
[ROOMS] 2025-08-16 15:03:00 - Retrieved 34 rooms (page 1 of 1)
[ROOMS] 2025-08-16 15:11:26 - Retrieved 34 rooms (page 1 of 1)
[ROOMS] 2025-08-16 15:11:49 - Retrieved 34 rooms (page 1 of 1)
[ROOMS] 2025-08-16 15:12:35 - Retrieved 34 rooms (page 1 of 1)
[ROOMS] 2025-08-16 15:13:34 - Retrieved 34 rooms (page 1 of 1)
[ROOMS] 2025-08-16 15:14:27 - Retrieved 34 rooms (page 1 of 1)
[ROOMS] 2025-08-16 15:15:21 - Retrieved 34 rooms (page 1 of 1)
[ROOMS] 2025-08-16 15:16:37 - Retrieved 32 rooms (page 1 of 1)
[ROOMS] 2025-08-16 15:17:09 - Retrieved 34 rooms (page 1 of 1)
[ROOMS] 2025-08-16 15:17:28 - Retrieved 34 rooms (page 1 of 1)
[ROOMS] 2025-08-16 15:17:59 - Retrieved 1 rooms (page 1 of 1)
[ROOMS] 2025-08-16 15:18:45 - Retrieved 1 rooms (page 1 of 1)
[ROOMS] 2025-08-16 15:18:50 - Retrieved 34 rooms (page 1 of 1)
[ROOMS] 2025-08-16 15:39:29 - Retrieved 34 rooms (page 1 of 1)
[ROOMS] 2025-08-16 15:44:21 - Retrieved 34 rooms (page 1 of 1)
[ROOMS] 2025-08-17 06:42:41 - Retrieved 34 rooms (page 1 of 1)
[ROOMS] 2025-08-17 06:50:47 - Retrieved 34 rooms (page 1 of 1)
[ROOMS] 2025-08-17 06:51:06 - Retrieved 34 rooms (page 1 of 1)
[ROOMS] 2025-08-17 09:45:55 - Retrieved 34 rooms (page 1 of 1)
[ROOMS] 2025-08-17 10:34:51 - Retrieved 34 rooms (page 1 of 1)
[ROOMS] 2025-08-17 10:35:13 - Retrieved 34 rooms (page 1 of 1)
[ROOMS] 2025-08-17 10:35:19 - Retrieved 34 rooms (page 1 of 1)
[ROOMS] 2025-08-17 10:35:30 - Room deleted with ID: 26
[ROOMS] 2025-08-17 10:35:30 - Retrieved 33 rooms (page 1 of 1)
[ROOMS] 2025-08-17 10:41:03 - Retrieved 33 rooms (page 1 of 1)
[ROOMS] 2025-08-18 02:16:57 - Retrieved 33 rooms (page 1 of 1)
[ROOMS] 2025-08-18 02:21:37 - Retrieved 33 rooms (page 1 of 1)
[ROOMS] 2025-08-18 02:21:47 - Retrieved 20 rooms (page 1 of 2)
[ROOMS] 2025-08-18 02:21:48 - Retrieved 13 rooms (page 2 of 2)
[ROOMS] 2025-08-18 09:41:27 - Retrieved 33 rooms (page 1 of 1)
[ROOMS] 2025-08-18 22:49:39 - Retrieved 33 rooms (page 1 of 1)
[ROOMS] 2025-08-18 22:50:01 - Retrieved 33 rooms (page 1 of 1)
[ROOMS] 2025-08-18 22:50:17 - Retrieved 33 rooms (page 1 of 1)
[ROOMS] 2025-08-18 22:50:26 - Retrieved 33 rooms (page 1 of 1)
[ROOMS] 2025-08-18 22:50:38 - Retrieved 33 rooms (page 1 of 1)
[ROOMS] 2025-08-18 22:53:48 - Retrieved 33 rooms (page 1 of 1)
[ROOMS] 2025-08-19 03:11:36 - Retrieved 33 rooms (page 1 of 1)
[ROOMS] 2025-08-19 03:11:39 - Retrieved 33 rooms (page 1 of 1)
[ROOMS] 2025-08-19 03:17:43 - Retrieved 33 rooms (page 1 of 1)
[ROOMS] 2025-08-19 03:57:08 - Retrieved 33 rooms (page 1 of 1)
[ROOMS] 2025-08-19 03:57:12 - Retrieved 33 rooms (page 1 of 1)
[ROOMS] 2025-08-19 03:59:50 - Retrieved 33 rooms (page 1 of 1)
[ROOMS] 2025-08-19 04:06:48 - Retrieved 33 rooms (page 1 of 1)
[ROOMS] 2025-08-19 04:08:55 - Retrieved 33 rooms (page 1 of 1)
[ROOMS] 2025-08-19 04:17:10 - Retrieved 33 rooms (page 1 of 1)
[ROOMS] 2025-08-19 04:17:29 - Retrieved 33 rooms (page 1 of 1)
[ROOMS] 2025-08-19 04:17:42 - Retrieved 20 rooms (page 1 of 2)
[ROOMS] 2025-08-19 04:17:45 - Retrieved 8 rooms (page 1 of 1)
[ROOMS] 2025-08-19 04:17:54 - Retrieved 20 rooms (page 1 of 2)
[ROOMS] 2025-08-19 04:17:58 - Retrieved 33 rooms (page 1 of 1)
[ROOMS] 2025-08-19 04:18:11 - Retrieved 33 rooms (page 1 of 1)
[ROOMS] 2025-08-19 04:18:23 - Retrieved 33 rooms (page 1 of 1)
[ROOMS] 2025-08-19 04:18:31 - Retrieved 33 rooms (page 1 of 1)
[ROOMS] 2025-08-19 04:18:38 - Retrieved 33 rooms (page 1 of 1)
[ROOMS] 2025-08-19 04:24:31 - Retrieved 33 rooms (page 1 of 1)
[ROOMS] 2025-08-19 04:28:54 - Retrieved 33 rooms (page 1 of 1)
[ROOMS] 2025-08-19 04:29:00 - Retrieved 33 rooms (page 1 of 1)
[ROOMS] 2025-08-19 04:31:36 - Retrieved 33 rooms (page 1 of 1)
[ROOMS] 2025-08-19 04:32:50 - Retrieved 33 rooms (page 1 of 1)
[ROOMS] 2025-08-19 04:32:52 - Retrieved 33 rooms (page 1 of 1)
[ROOMS] 2025-08-19 04:32:54 - Retrieved 33 rooms (page 1 of 1)
[ROOMS] 2025-08-19 04:35:12 - Retrieved 33 rooms (page 1 of 1)
[ROOMS] 2025-08-20 01:50:27 - Retrieved 33 rooms (page 1 of 1)
[ROOMS] 2025-08-20 01:51:06 - Retrieved 33 rooms (page 1 of 1)
[ROOMS] 2025-08-20 02:54:36 - Retrieved 33 rooms (page 1 of 1)
[ROOMS] 2025-08-20 02:54:50 - Retrieved 33 rooms (page 1 of 1)
[ROOMS] 2025-08-20 02:55:46 - Retrieved 33 rooms (page 1 of 1)
[ROOMS] 2025-08-20 07:24:00 - Retrieved 33 rooms (page 1 of 1)
[ROOMS] 2025-08-20 07:24:39 - Retrieved 33 rooms (page 1 of 1)
[ROOMS] 2025-08-20 07:24:44 - Retrieved 33 rooms (page 1 of 1)
[ROOMS] 2025-08-20 07:42:18 - Retrieved 33 rooms (page 1 of 1)
[ROOMS] 2025-08-20 07:42:25 - Retrieved 33 rooms (page 1 of 1)
[ROOMS] 2025-08-20 07:43:41 - Retrieved 33 rooms (page 1 of 1)
[ROOMS] 2025-08-20 07:49:41 - Retrieved 33 rooms (page 1 of 1)
[ROOMS] 2025-08-20 07:58:03 - Retrieved 33 rooms (page 1 of 1)
[ROOMS] 2025-08-20 07:58:11 - Retrieved 33 rooms (page 1 of 1)
[ROOMS] 2025-08-20 07:58:14 - Retrieved 33 rooms (page 1 of 1)
[ROOMS] 2025-08-20 07:58:17 - Retrieved 33 rooms (page 1 of 1)
[ROOMS] 2025-08-20 08:29:48 - Retrieved 33 rooms (page 1 of 1)
[ROOMS] 2025-08-20 08:35:46 - Retrieved 33 rooms (page 1 of 1)
[ROOMS] 2025-08-20 08:38:18 - Retrieved 33 rooms (page 1 of 1)
[ROOMS] 2025-08-20 08:39:40 - Retrieved 33 rooms (page 1 of 1)
[ROOMS] 2025-08-20 08:41:47 - Retrieved 33 rooms (page 1 of 1)
[ROOMS] 2025-08-20 08:43:17 - Retrieved 33 rooms (page 1 of 1)
[ROOMS] 2025-08-20 08:56:48 - Retrieved 33 rooms (page 1 of 1)
[ROOMS] 2025-08-20 09:19:18 - Retrieved 33 rooms (page 1 of 1)
[ROOMS] 2025-08-20 09:19:23 - Retrieved 10 rooms (page 1 of 1)
[ROOMS] 2025-08-20 09:19:24 - Retrieved 0 rooms (page 1 of 0)
[ROOMS] 2025-08-20 09:19:26 - Retrieved 33 rooms (page 1 of 1)
[ROOMS] 2025-08-20 09:19:27 - Retrieved 12 rooms (page 1 of 1)
[ROOMS] 2025-08-20 09:19:28 - Retrieved 1 rooms (page 1 of 1)
[ROOMS] 2025-08-20 09:19:30 - Retrieved 33 rooms (page 1 of 1)
[ROOMS] 2025-08-20 09:19:51 - Retrieved 33 rooms (page 1 of 1)
[ROOMS] 2025-08-20 09:20:09 - Retrieved 6 rooms (page 1 of 1)
[ROOMS] 2025-08-20 09:20:16 - Retrieved 33 rooms (page 1 of 1)
[ROOMS] 2025-08-20 09:20:20 - Retrieved 0 rooms (page 1 of 0)
[ROOMS] 2025-08-20 09:20:42 - Retrieved 33 rooms (page 1 of 1)
[ROOMS] 2025-08-20 10:32:43 - Retrieved 33 rooms (page 1 of 1)
[ROOMS] 2025-08-20 12:13:25 - Retrieved 33 rooms (page 1 of 1)
[ROOMS] 2025-08-20 12:29:07 - Retrieved 33 rooms (page 1 of 1)
[ROOMS] 2025-08-20 17:14:44 - Retrieved 33 rooms (page 1 of 1)
