[REPORTS] 2025-08-10 06:28:46 - Database config loaded from: C:\xampp\htdocs\reservation\api\admin\pages/../../config/db.php
[REPORTS] 2025-08-10 06:28:46 - Database connection established for reports
[REPORTS] 2025-08-10 06:28:46 - Generating report: type=summary, from=2025-07-31, to=2025-08-30
[REPORTS] 2025-08-10 06:28:46 - Report generated successfully
[REPORTS] 2025-08-10 07:02:17 - Database config loaded from: C:\xampp\htdocs\reservation\api\admin\pages/../../config/db.php
[REPORTS] 2025-08-10 07:02:17 - Database connection established for reports
[REPORTS] 2025-08-10 07:02:17 - Generating report: type=summary, from=2025-07-31, to=2025-08-30
[REPORTS] 2025-08-10 07:02:17 - Report generated successfully
[REPORTS] 2025-08-10 07:03:30 - Database config loaded from: C:\xampp\htdocs\reservation\api\admin\pages/../../config/db.php
[REPORTS] 2025-08-10 07:03:30 - Database connection established for reports
[REPORTS] 2025-08-10 07:03:30 - Generating report: type=summary, from=2025-07-31, to=2025-08-30
[REPORTS] 2025-08-10 07:03:30 - Report generated successfully
[REPORTS] 2025-08-10 07:03:33 - Database config loaded from: C:\xampp\htdocs\reservation\api\admin\pages/../../config/db.php
[REPORTS] 2025-08-10 07:03:33 - Database connection established for reports
[REPORTS] 2025-08-10 07:03:33 - Generating report: type=summary, from=2025-07-31, to=2025-08-30
[REPORTS] 2025-08-10 07:03:33 - Report generated successfully
[REPORTS] 2025-08-10 07:04:15 - Database config loaded from: C:\xampp\htdocs\reservation\api\admin\pages/../../config/db.php
[REPORTS] 2025-08-10 07:04:15 - Database connection established for reports
[REPORTS] 2025-08-10 07:04:15 - Generating report: type=summary, from=2025-07-31, to=2025-08-30
[REPORTS] 2025-08-10 07:04:15 - Report generated successfully
[REPORTS] 2025-08-10 07:04:19 - Database config loaded from: C:\xampp\htdocs\reservation\api\admin\pages/../../config/db.php
[REPORTS] 2025-08-10 07:04:19 - Database connection established for reports
[REPORTS] 2025-08-10 07:04:19 - Generating report: type=summary, from=2025-07-31, to=2025-08-30
[REPORTS] 2025-08-10 07:04:19 - Report generated successfully
[REPORTS] 2025-08-10 07:15:28 - Database config loaded from: C:\xampp\htdocs\reservation\api\admin\pages/../../config/db.php
[REPORTS] 2025-08-10 07:15:28 - Database connection established for reports
[REPORTS] 2025-08-10 07:15:28 - Generating report: type=summary, from=2025-07-31, to=2025-08-30
[REPORTS] 2025-08-10 07:15:28 - Report generated successfully
[REPORTS] 2025-08-10 08:22:58 - Database config loaded from: C:\xampp\htdocs\reservation\api\admin\pages/../../config/db.php
[REPORTS] 2025-08-10 08:22:58 - Database connection established for reports
[REPORTS] 2025-08-10 08:22:58 - Generating report: type=summary, from=2025-07-31, to=2025-08-30
[REPORTS] 2025-08-10 08:22:58 - Report generated successfully
[REPORTS] 2025-08-11 01:51:40 - Database config loaded from: C:\xampp\htdocs\reservation\api\admin\pages/../../config/db.php
[REPORTS] 2025-08-11 01:51:40 - Database connection established for reports
[REPORTS] 2025-08-11 01:51:40 - Generating report: type=summary, from=2025-07-31, to=2025-08-30
[REPORTS] 2025-08-11 01:51:40 - Report generated successfully
[REPORTS] 2025-08-11 04:37:44 - Database config loaded from: C:\xampp\htdocs\reservation\api\admin\pages/../../config/db.php
[REPORTS] 2025-08-11 04:37:44 - Database connection established for reports
[REPORTS] 2025-08-11 04:37:44 - Generating report: type=summary, from=2025-07-31, to=2025-08-30
[REPORTS] 2025-08-11 04:37:44 - Report generated successfully
[REPORTS] 2025-08-11 04:38:09 - Database config loaded from: C:\xampp\htdocs\reservation\api\admin\pages/../../config/db.php
[REPORTS] 2025-08-11 04:38:09 - Database connection established for reports
[REPORTS] 2025-08-11 04:38:09 - Generating report: type=summary, from=2025-07-31, to=2025-08-30
[REPORTS] 2025-08-11 04:38:09 - Report generated successfully
[REPORTS] 2025-08-11 04:41:23 - Database config loaded from: C:\xampp\htdocs\reservation\api\admin\pages/../../config/db.php
[REPORTS] 2025-08-11 04:41:23 - Database connection established for reports
[REPORTS] 2025-08-11 04:41:23 - Generating report: type=summary, from=2025-07-31, to=2025-08-30
[REPORTS] 2025-08-11 04:41:23 - Report generated successfully
[REPORTS] 2025-08-11 04:54:48 - Database config loaded from: C:\xampp\htdocs\reservation\api\admin\pages/../../config/db.php
[REPORTS] 2025-08-11 04:54:48 - Database connection established for reports
[REPORTS] 2025-08-11 04:54:48 - Generating report: type=summary, from=2025-07-31, to=2025-08-30
[REPORTS] 2025-08-11 04:54:48 - Report generated successfully
[REPORTS] 2025-08-11 07:07:19 - Database config loaded from: C:\xampp\htdocs\reservation\api\admin\pages/../../config/db.php
[REPORTS] 2025-08-11 07:07:19 - Database connection established for reports
[REPORTS] 2025-08-11 07:07:19 - Generating report: type=summary, from=2025-07-31, to=2025-08-30
[REPORTS] 2025-08-11 07:07:19 - Report generated successfully
[REPORTS] 2025-08-11 13:08:33 - Database config loaded from: C:\xampp\htdocs\reservation\api\admin\pages/../../config/db.php
[REPORTS] 2025-08-11 13:08:33 - Database connection established for reports
[REPORTS] 2025-08-11 13:08:33 - Generating report: type=summary, from=2025-07-31, to=2025-08-30
[REPORTS] 2025-08-11 13:08:33 - Report generated successfully
[REPORTS] 2025-08-12 02:31:25 - Database config loaded from: C:\xampp\htdocs\reservation\api\admin\pages/../../config/db.php
[REPORTS] 2025-08-12 02:31:25 - Database connection established for reports
[REPORTS] 2025-08-12 02:31:25 - Generating report: type=summary, from=2025-07-31, to=2025-08-30
[REPORTS] 2025-08-12 02:31:25 - Report generated successfully
[REPORTS] 2025-08-12 08:14:38 - Database config loaded from: C:\xampp\htdocs\reservation\api\admin\pages/../../config/db.php
[REPORTS] 2025-08-12 08:14:38 - Database connection established for reports
[REPORTS] 2025-08-12 08:14:38 - Generating report: type=summary, from=2025-07-31, to=2025-08-30
[REPORTS] 2025-08-12 08:14:38 - Report generated successfully
[REPORTS] 2025-08-12 08:14:47 - Database config loaded from: C:\xampp\htdocs\reservation\api\admin\pages/../../config/db.php
[REPORTS] 2025-08-12 08:14:47 - Database connection established for reports
[REPORTS] 2025-08-12 08:14:47 - Generating report: type=customer, from=2025-07-31, to=2025-08-30
[REPORTS] 2025-08-12 08:14:47 - Report generated successfully
[REPORTS] 2025-08-12 08:14:49 - Database config loaded from: C:\xampp\htdocs\reservation\api\admin\pages/../../config/db.php
[REPORTS] 2025-08-12 08:14:49 - Database connection established for reports
[REPORTS] 2025-08-12 08:14:49 - Generating report: type=summary, from=2025-07-31, to=2025-08-30
[REPORTS] 2025-08-12 08:14:49 - Report generated successfully
[REPORTS] 2025-08-12 08:15:01 - Database config loaded from: C:\xampp\htdocs\reservation\api\admin\pages/../../config/db.php
[REPORTS] 2025-08-12 08:15:01 - Database connection established for reports
[REPORTS] 2025-08-12 08:15:01 - Generating report: type=summary, from=2025-07-31, to=2025-08-30
[REPORTS] 2025-08-12 08:15:01 - Report generated successfully
[REPORTS] 2025-08-12 13:28:41 - Database config loaded from: C:\xampp\htdocs\reservation\api\admin\pages/../../config/db.php
[REPORTS] 2025-08-12 13:28:41 - Database connection established for reports
[REPORTS] 2025-08-12 13:28:41 - Generating report: type=summary, from=2025-07-31, to=2025-08-30
[REPORTS] 2025-08-12 13:28:41 - Report generated successfully
[REPORTS] 2025-08-12 13:29:35 - Database config loaded from: C:\xampp\htdocs\reservation\api\admin\pages/../../config/db.php
[REPORTS] 2025-08-12 13:29:35 - Database connection established for reports
[REPORTS] 2025-08-12 13:29:35 - Generating report: type=summary, from=2025-07-31, to=2025-08-30
[REPORTS] 2025-08-12 13:29:35 - Report generated successfully
[REPORTS] 2025-08-13 04:43:27 - Database config loaded from: C:\xampp\htdocs\reservation\api\admin\pages/../../config/db.php
[REPORTS] 2025-08-13 04:43:27 - Database connection established for reports
[REPORTS] 2025-08-13 04:43:27 - Generating report: type=summary, from=2025-07-31, to=2025-08-30
[REPORTS] 2025-08-13 04:43:27 - Report generated successfully
[REPORTS] 2025-08-13 04:43:36 - Database config loaded from: C:\xampp\htdocs\reservation\api\admin\pages/../../config/db.php
[REPORTS] 2025-08-13 04:43:36 - Database connection established for reports
[REPORTS] 2025-08-13 04:43:36 - Generating report: type=occupancy, from=2025-07-31, to=2025-08-30
[REPORTS] 2025-08-13 04:43:36 - Report generated successfully
[REPORTS] 2025-08-13 04:43:44 - Database config loaded from: C:\xampp\htdocs\reservation\api\admin\pages/../../config/db.php
[REPORTS] 2025-08-13 04:43:44 - Database connection established for reports
[REPORTS] 2025-08-13 04:43:44 - Generating report: type=customer, from=2025-07-31, to=2025-08-30
[REPORTS] 2025-08-13 04:43:44 - Report generated successfully
[REPORTS] 2025-08-13 13:05:42 - Database config loaded from: C:\xampp\htdocs\reservation\api\admin\pages/../../config/db.php
[REPORTS] 2025-08-13 13:05:42 - Database connection established for reports
[REPORTS] 2025-08-13 13:05:42 - Generating report: type=summary, from=2025-07-31, to=2025-08-30
[REPORTS] 2025-08-13 13:05:42 - Report generated successfully
[REPORTS] 2025-08-13 13:20:51 - Database config loaded from: C:\xampp\htdocs\reservation\api\admin\pages/../../config/db.php
[REPORTS] 2025-08-13 13:20:51 - Database connection established for reports
[REPORTS] 2025-08-13 13:20:51 - Generating report: type=summary, from=2025-07-31, to=2025-08-30
[REPORTS] 2025-08-13 13:20:51 - Report generated successfully
[REPORTS] 2025-08-13 13:37:58 - Database config loaded from: C:\xampp\htdocs\reservation\api\admin\pages/../../config/db.php
[REPORTS] 2025-08-13 13:37:58 - Database connection established for reports
[REPORTS] 2025-08-13 13:37:58 - Generating report: type=summary, from=2025-07-31, to=2025-08-30
[REPORTS] 2025-08-13 13:37:58 - Report generated successfully
[REPORTS] 2025-08-13 13:39:04 - Database config loaded from: C:\xampp\htdocs\reservation\api\admin\pages/../../config/db.php
[REPORTS] 2025-08-13 13:39:04 - Database connection established for reports
[REPORTS] 2025-08-13 13:39:04 - Generating report: type=summary, from=2025-07-31, to=2025-08-30
[REPORTS] 2025-08-13 13:39:04 - Report generated successfully
[REPORTS] 2025-08-13 13:39:22 - Database config loaded from: C:\xampp\htdocs\reservation\api\admin\pages/../../config/db.php
[REPORTS] 2025-08-13 13:39:22 - Database connection established for reports
[REPORTS] 2025-08-13 13:39:22 - Generating report: type=summary, from=2025-07-31, to=2025-08-30
[REPORTS] 2025-08-13 13:39:22 - Report generated successfully
[REPORTS] 2025-08-13 13:39:32 - Database config loaded from: C:\xampp\htdocs\reservation\api\admin\pages/../../config/db.php
[REPORTS] 2025-08-13 13:39:32 - Database connection established for reports
[REPORTS] 2025-08-13 13:39:32 - Generating report: type=summary, from=2025-07-31, to=2025-08-30
[REPORTS] 2025-08-13 13:39:32 - Report generated successfully
[REPORTS] 2025-08-13 13:40:48 - Database config loaded from: C:\xampp\htdocs\reservation\api\admin\pages/../../config/db.php
[REPORTS] 2025-08-13 13:40:48 - Database connection established for reports
[REPORTS] 2025-08-13 13:40:48 - Generating report: type=summary, from=2025-07-31, to=2025-08-30
[REPORTS] 2025-08-13 13:40:48 - Report generated successfully
[REPORTS] 2025-08-13 13:44:36 - Database config loaded from: C:\xampp\htdocs\reservation\api\admin\pages/../../config/db.php
[REPORTS] 2025-08-13 13:44:36 - Database connection established for reports
[REPORTS] 2025-08-13 13:44:36 - Generating report: type=summary, from=2025-07-31, to=2025-08-30
[REPORTS] 2025-08-13 13:44:36 - Report generated successfully
[REPORTS] 2025-08-13 13:44:38 - Database config loaded from: C:\xampp\htdocs\reservation\api\admin\pages/../../config/db.php
[REPORTS] 2025-08-13 13:44:38 - Database connection established for reports
[REPORTS] 2025-08-13 13:44:38 - Generating report: type=summary, from=2025-07-31, to=2025-08-30
[REPORTS] 2025-08-13 13:44:38 - Report generated successfully
[REPORTS] 2025-08-13 13:44:39 - Database config loaded from: C:\xampp\htdocs\reservation\api\admin\pages/../../config/db.php
[REPORTS] 2025-08-13 13:44:39 - Database connection established for reports
[REPORTS] 2025-08-13 13:44:39 - Generating report: type=summary, from=2025-07-31, to=2025-08-30
[REPORTS] 2025-08-13 13:44:39 - Report generated successfully
[REPORTS] 2025-08-13 13:45:02 - Database config loaded from: C:\xampp\htdocs\reservation\api\admin\pages/../../config/db.php
[REPORTS] 2025-08-13 13:45:02 - Database connection established for reports
[REPORTS] 2025-08-13 13:45:02 - Generating report: type=summary, from=2025-07-31, to=2025-08-30
[REPORTS] 2025-08-13 13:45:02 - Report generated successfully
[REPORTS] 2025-08-13 13:45:04 - Database config loaded from: C:\xampp\htdocs\reservation\api\admin\pages/../../config/db.php
[REPORTS] 2025-08-13 13:45:04 - Database connection established for reports
[REPORTS] 2025-08-13 13:45:04 - Generating report: type=occupancy, from=2025-07-31, to=2025-08-30
[REPORTS] 2025-08-13 13:45:04 - Report generated successfully
[REPORTS] 2025-08-13 13:50:50 - Database config loaded from: C:\xampp\htdocs\reservation\api\admin\pages/../../config/db.php
[REPORTS] 2025-08-13 13:50:50 - Database connection established for reports
[REPORTS] 2025-08-13 13:50:50 - Generating report: type=summary, from=2025-07-31, to=2025-08-30
[REPORTS] 2025-08-13 13:50:50 - Report generated successfully
[REPORTS] 2025-08-13 13:51:04 - Database config loaded from: C:\xampp\htdocs\reservation\api\admin\pages/../../config/db.php
[REPORTS] 2025-08-13 13:51:04 - Database connection established for reports
[REPORTS] 2025-08-13 13:51:04 - Generating report: type=summary, from=2025-07-31, to=2025-08-30
[REPORTS] 2025-08-13 13:51:04 - Report generated successfully
[REPORTS] 2025-08-13 13:51:27 - Database config loaded from: C:\xampp\htdocs\reservation\api\admin\pages/../../config/db.php
[REPORTS] 2025-08-13 13:51:27 - Database connection established for reports
[REPORTS] 2025-08-13 13:51:27 - Generating report: type=summary, from=2025-07-31, to=2025-08-30
[REPORTS] 2025-08-13 13:51:27 - Report generated successfully
[REPORTS] 2025-08-13 13:51:56 - Database config loaded from: C:\xampp\htdocs\reservation\api\admin\pages/../../config/db.php
[REPORTS] 2025-08-13 13:51:56 - Database connection established for reports
[REPORTS] 2025-08-13 13:51:56 - Generating report: type=summary, from=2025-07-31, to=2025-08-30
[REPORTS] 2025-08-13 13:51:56 - Report generated successfully
[REPORTS] 2025-08-13 13:52:08 - Database config loaded from: C:\xampp\htdocs\reservation\api\admin\pages/../../config/db.php
[REPORTS] 2025-08-13 13:52:08 - Database connection established for reports
[REPORTS] 2025-08-13 13:52:08 - Generating report: type=summary, from=2025-07-31, to=2025-08-30
[REPORTS] 2025-08-13 13:52:08 - Report generated successfully
[REPORTS] 2025-08-13 13:52:30 - Database config loaded from: C:\xampp\htdocs\reservation\api\admin\pages/../../config/db.php
[REPORTS] 2025-08-13 13:52:30 - Database connection established for reports
[REPORTS] 2025-08-13 13:52:30 - Generating report: type=summary, from=2025-07-31, to=2025-08-30
[REPORTS] 2025-08-13 13:52:30 - Report generated successfully
[REPORTS] 2025-08-13 13:52:34 - Database config loaded from: C:\xampp\htdocs\reservation\api\admin\pages/../../config/db.php
[REPORTS] 2025-08-13 13:52:34 - Database connection established for reports
[REPORTS] 2025-08-13 13:52:34 - Generating report: type=summary, from=2025-07-31, to=2025-08-30
[REPORTS] 2025-08-13 13:52:34 - Report generated successfully
[REPORTS] 2025-08-13 14:05:06 - Database config loaded from: C:\xampp\htdocs\reservation\api\admin\pages/../../config/db.php
[REPORTS] 2025-08-13 14:05:06 - Database connection established for reports
[REPORTS] 2025-08-13 14:05:06 - Generating report: type=summary, from=2025-07-31, to=2025-08-30
[REPORTS] 2025-08-13 14:05:06 - Report generated successfully
[REPORTS] 2025-08-13 14:05:20 - Database config loaded from: C:\xampp\htdocs\reservation\api\admin\pages/../../config/db.php
[REPORTS] 2025-08-13 14:05:20 - Database connection established for reports
[REPORTS] 2025-08-13 14:05:20 - Generating report: type=summary, from=2025-07-31, to=2025-08-30
[REPORTS] 2025-08-13 14:05:20 - Report generated successfully
[REPORTS] 2025-08-13 14:06:01 - Database config loaded from: C:\xampp\htdocs\reservation\api\admin\pages/../../config/db.php
[REPORTS] 2025-08-13 14:06:01 - Database connection established for reports
[REPORTS] 2025-08-13 14:06:01 - Generating report: type=occupancy, from=2025-07-31, to=2025-08-30
[REPORTS] 2025-08-13 14:06:01 - Report generated successfully
[REPORTS] 2025-08-13 14:06:07 - Database config loaded from: C:\xampp\htdocs\reservation\api\admin\pages/../../config/db.php
[REPORTS] 2025-08-13 14:06:07 - Database connection established for reports
[REPORTS] 2025-08-13 14:06:07 - Generating report: type=customer, from=2025-07-31, to=2025-08-30
[REPORTS] 2025-08-13 14:06:07 - Report generated successfully
[REPORTS] 2025-08-13 14:06:09 - Database config loaded from: C:\xampp\htdocs\reservation\api\admin\pages/../../config/db.php
[REPORTS] 2025-08-13 14:06:09 - Database connection established for reports
[REPORTS] 2025-08-13 14:06:09 - Generating report: type=summary, from=2025-07-31, to=2025-08-30
[REPORTS] 2025-08-13 14:06:09 - Report generated successfully
[REPORTS] 2025-08-13 14:06:27 - Database config loaded from: C:\xampp\htdocs\reservation\api\admin\pages/../../config/db.php
[REPORTS] 2025-08-13 14:06:27 - Database connection established for reports
[REPORTS] 2025-08-13 14:06:27 - Generating report: type=summary, from=2025-07-31, to=2025-08-30
[REPORTS] 2025-08-13 14:06:27 - Report generated successfully
[REPORTS] 2025-08-14 10:13:48 - Database config loaded from: C:\xampp\htdocs\reservation\api\admin\pages/../../config/db.php
[REPORTS] 2025-08-14 10:13:48 - Database connection established for reports
[REPORTS] 2025-08-14 10:13:48 - Generating report: type=room_summary, from=2025-07-31, to=2025-08-30
[REPORTS] 2025-08-14 10:13:48 - Report generated successfully
[REPORTS] 2025-08-14 10:15:51 - Database config loaded from: C:\xampp\htdocs\reservation\api\admin\pages/../../config/db.php
[REPORTS] 2025-08-14 10:15:51 - Database connection established for reports
[REPORTS] 2025-08-14 10:15:51 - Generating report: type=room_summary, from=2025-07-31, to=2025-08-30
[REPORTS] 2025-08-14 10:15:51 - Report generated successfully
[REPORTS] 2025-08-14 10:16:17 - Database config loaded from: C:\xampp\htdocs\reservation\api\admin\pages/../../config/db.php
[REPORTS] 2025-08-14 10:16:17 - Database connection established for reports
[REPORTS] 2025-08-14 10:16:17 - Generating report: type=room_summary, from=2025-07-31, to=2025-08-30
[REPORTS] 2025-08-14 10:16:17 - Report generated successfully
[REPORTS] 2025-08-14 11:02:48 - Database config loaded from: C:\xampp\htdocs\reservation\api\admin\pages/../../config/db.php
[REPORTS] 2025-08-14 11:02:48 - Database connection established for reports
[REPORTS] 2025-08-14 11:02:48 - Generating report: type=room_summary, from=2025-07-31, to=2025-08-30
[REPORTS] 2025-08-14 11:02:48 - Report generated successfully
[REPORTS] 2025-08-14 11:02:48 - Database config loaded from: C:\xampp\htdocs\reservation\api\admin\pages/../../config/db.php
[REPORTS] 2025-08-14 11:02:48 - Database connection established for reports
[REPORTS] 2025-08-14 11:02:54 - Database config loaded from: C:\xampp\htdocs\reservation\api\admin\pages/../../config/db.php
[REPORTS] 2025-08-14 11:02:54 - Database connection established for reports
[REPORTS] 2025-08-14 11:03:04 - Database config loaded from: C:\xampp\htdocs\reservation\api\admin\pages/../../config/db.php
[REPORTS] 2025-08-14 11:03:04 - Database connection established for reports
[REPORTS] 2025-08-14 11:03:04 - Generating report: type=occupancy, from=2025-07-31, to=2025-08-30
[REPORTS] 2025-08-14 11:03:04 - Report generated successfully
[REPORTS] 2025-08-14 11:03:40 - Database config loaded from: C:\xampp\htdocs\reservation\api\admin\pages/../../config/db.php
[REPORTS] 2025-08-14 11:03:40 - Database connection established for reports
[REPORTS] 2025-08-14 11:03:40 - Generating report: type=room_summary, from=2025-07-31, to=2025-08-30
[REPORTS] 2025-08-14 11:03:40 - Report generated successfully
[REPORTS] 2025-08-14 11:25:27 - Database config loaded from: C:\xampp\htdocs\reservation\api\admin\pages/../../config/db.php
[REPORTS] 2025-08-14 11:25:27 - Database connection established for reports
[REPORTS] 2025-08-14 11:25:27 - Generating report: type=room_summary, from=2025-07-31, to=2025-08-30
[REPORTS] 2025-08-14 11:25:27 - Report generated successfully
[REPORTS] 2025-08-14 11:25:27 - Database config loaded from: C:\xampp\htdocs\reservation\api\admin\pages/../../config/db.php
[REPORTS] 2025-08-14 11:25:27 - Database connection established for reports
[REPORTS] 2025-08-14 11:25:30 - Database config loaded from: C:\xampp\htdocs\reservation\api\admin\pages/../../config/db.php
[REPORTS] 2025-08-14 11:25:30 - Database connection established for reports
[REPORTS] 2025-08-14 11:25:30 - Generating report: type=room_summary, from=2025-07-31, to=2025-08-30
[REPORTS] 2025-08-14 11:25:30 - Report generated successfully
[REPORTS] 2025-08-14 11:25:30 - Database config loaded from: C:\xampp\htdocs\reservation\api\admin\pages/../../config/db.php
[REPORTS] 2025-08-14 11:25:30 - Database connection established for reports
[REPORTS] 2025-08-14 11:26:00 - Database config loaded from: C:\xampp\htdocs\reservation\api\admin\pages/../../config/db.php
[REPORTS] 2025-08-14 11:26:00 - Database connection established for reports
[REPORTS] 2025-08-14 11:26:00 - Generating report: type=room_summary, from=2025-07-31, to=2025-08-30
[REPORTS] 2025-08-14 11:26:00 - Report generated successfully
[REPORTS] 2025-08-14 11:26:00 - Database config loaded from: C:\xampp\htdocs\reservation\api\admin\pages/../../config/db.php
[REPORTS] 2025-08-14 11:26:00 - Database connection established for reports
[REPORTS] 2025-08-14 11:26:01 - Database config loaded from: C:\xampp\htdocs\reservation\api\admin\pages/../../config/db.php
[REPORTS] 2025-08-14 11:26:01 - Database connection established for reports
[REPORTS] 2025-08-14 11:26:01 - Generating report: type=room_summary, from=2025-07-31, to=2025-08-30
[REPORTS] 2025-08-14 11:26:01 - Report generated successfully
[REPORTS] 2025-08-14 11:26:01 - Database config loaded from: C:\xampp\htdocs\reservation\api\admin\pages/../../config/db.php
[REPORTS] 2025-08-14 11:26:01 - Database connection established for reports
[REPORTS] 2025-08-14 11:26:35 - Database config loaded from: C:\xampp\htdocs\reservation\api\admin\pages/../../config/db.php
[REPORTS] 2025-08-14 11:26:35 - Database connection established for reports
[REPORTS] 2025-08-14 11:26:35 - Generating report: type=room_summary, from=2025-07-31, to=2025-08-30
[REPORTS] 2025-08-14 11:26:35 - Report generated successfully
[REPORTS] 2025-08-14 11:26:35 - Database config loaded from: C:\xampp\htdocs\reservation\api\admin\pages/../../config/db.php
[REPORTS] 2025-08-14 11:26:35 - Database connection established for reports
[REPORTS] 2025-08-14 11:37:40 - Database config loaded from: C:\xampp\htdocs\reservation\api\admin\pages/../../config/db.php
[REPORTS] 2025-08-14 11:37:40 - Database connection established for reports
[REPORTS] 2025-08-14 11:37:40 - Front desk report submitted by user 2
[REPORTS] 2025-08-14 11:38:08 - Database config loaded from: C:\xampp\htdocs\reservation\api\admin\pages/../../config/db.php
[REPORTS] 2025-08-14 11:38:08 - Database connection established for reports
[REPORTS] 2025-08-14 11:38:08 - Generating report: type=room_summary, from=2025-07-31, to=2025-08-30
[REPORTS] 2025-08-14 11:38:08 - Report generated successfully
[REPORTS] 2025-08-14 12:15:40 - Database config loaded from: C:\xampp\htdocs\reservation\api\admin\pages/../../config/db.php
[REPORTS] 2025-08-14 12:15:40 - Database connection established for reports
[REPORTS] 2025-08-14 12:15:40 - Generating report: type=room_summary, from=2025-07-31, to=2025-08-30
[REPORTS] 2025-08-14 12:15:40 - Report generated successfully
[REPORTS] 2025-08-14 13:02:48 - Database config loaded from: C:\xampp\htdocs\reservation\api\admin\pages/../../config/db.php
[REPORTS] 2025-08-14 13:02:48 - Database connection established for reports
[REPORTS] 2025-08-14 13:02:48 - Generating report: type=room_summary, from=2025-07-31, to=2025-08-30
[REPORTS] 2025-08-14 13:02:48 - Report generated successfully
[REPORTS] 2025-08-14 13:02:54 - Database config loaded from: C:\xampp\htdocs\reservation\api\admin\pages/../../config/db.php
[REPORTS] 2025-08-14 13:02:54 - Database connection established for reports
[REPORTS] 2025-08-14 13:02:54 - Generating report: type=room_summary, from=2025-07-31, to=2025-08-30
[REPORTS] 2025-08-14 13:02:54 - Report generated successfully
[REPORTS] 2025-08-15 03:03:23 - Database config loaded from: C:\xampp\htdocs\reservation\api\admin\pages/../../config/db.php
[REPORTS] 2025-08-15 03:03:23 - Database connection established for reports
[REPORTS] 2025-08-15 03:03:23 - Generating report: type=room_summary, from=2025-07-31, to=2025-08-30
[REPORTS] 2025-08-15 03:03:23 - Report generated successfully
[REPORTS] 2025-08-15 12:03:42 - Database config loaded from: C:\xampp\htdocs\reservation\api\admin\pages/../../config/db.php
[REPORTS] 2025-08-15 12:03:42 - Database connection established for reports
[REPORTS] 2025-08-15 12:03:42 - Generating report: type=room_summary, from=2025-07-31, to=2025-08-30
[REPORTS] 2025-08-15 12:03:42 - Report generated successfully
[REPORTS] 2025-08-15 12:11:19 - Database config loaded from: C:\xampp\htdocs\reservation\api\admin\pages/../../config/db.php
[REPORTS] 2025-08-15 12:11:19 - Database connection established for reports
[REPORTS] 2025-08-15 12:11:19 - Generating report: type=room_summary, from=2025-07-31, to=2025-08-30
[REPORTS] 2025-08-15 12:11:19 - Report generated successfully
[REPORTS] 2025-08-15 12:12:16 - Database config loaded from: C:\xampp\htdocs\reservation\api\admin\pages/../../config/db.php
[REPORTS] 2025-08-15 12:12:16 - Database connection established for reports
[REPORTS] 2025-08-15 12:12:16 - Generating report: type=room_summary, from=2025-07-31, to=2025-08-30
[REPORTS] 2025-08-15 12:12:16 - Report generated successfully
[REPORTS] 2025-08-15 12:16:30 - Database config loaded from: C:\xampp\htdocs\reservation\api\admin\pages/../../config/db.php
[REPORTS] 2025-08-15 12:16:30 - Database connection established for reports
[REPORTS] 2025-08-15 12:16:30 - Generating report: type=room_summary, from=2025-07-31, to=2025-08-30
[REPORTS] 2025-08-15 12:16:30 - Report generated successfully
[REPORTS] 2025-08-15 12:16:34 - Database config loaded from: C:\xampp\htdocs\reservation\api\admin\pages/../../config/db.php
[REPORTS] 2025-08-15 12:16:34 - Database connection established for reports
[REPORTS] 2025-08-15 12:16:34 - Generating report: type=room_summary, from=2025-07-31, to=2025-08-30
[REPORTS] 2025-08-15 12:16:34 - Report generated successfully
[REPORTS] 2025-08-15 12:16:37 - Database config loaded from: C:\xampp\htdocs\reservation\api\admin\pages/../../config/db.php
[REPORTS] 2025-08-15 12:16:37 - Database connection established for reports
[REPORTS] 2025-08-15 12:16:37 - Generating report: type=occupancy, from=2025-07-31, to=2025-08-30
[REPORTS] 2025-08-15 12:16:37 - Report generated successfully
[REPORTS] 2025-08-15 12:16:38 - Database config loaded from: C:\xampp\htdocs\reservation\api\admin\pages/../../config/db.php
[REPORTS] 2025-08-15 12:16:38 - Database connection established for reports
[REPORTS] 2025-08-15 12:16:38 - Generating report: type=occupancy, from=2025-07-31, to=2025-08-30
[REPORTS] 2025-08-15 12:16:38 - Report generated successfully
[REPORTS] 2025-08-15 12:17:32 - Database config loaded from: C:\xampp\htdocs\reservation\api\admin\pages/../../config/db.php
[REPORTS] 2025-08-15 12:17:36 - General error: Database connection error: SQLSTATE[HY000] [2002] No connection could be made because the target machine actively refused it
[REPORTS] 2025-08-15 12:19:05 - Database config loaded from: C:\xampp\htdocs\reservation\api\admin\pages/../../config/db.php
[REPORTS] 2025-08-15 12:19:09 - General error: Database connection error: SQLSTATE[HY000] [2002] No connection could be made because the target machine actively refused it
[REPORTS] 2025-08-15 12:20:12 - Database config loaded from: C:\xampp\htdocs\reservation\api\admin\pages/../../config/db.php
[REPORTS] 2025-08-15 12:20:12 - Database connection established for reports
[REPORTS] 2025-08-15 12:20:12 - Generating report: type=room_summary, from=2025-07-31, to=2025-08-30
[REPORTS] 2025-08-15 12:20:12 - Report generated successfully
[REPORTS] 2025-08-15 12:24:39 - Database config loaded from: C:\xampp\htdocs\reservation\api\admin\pages/../../config/db.php
[REPORTS] 2025-08-15 12:24:39 - Database connection established for reports
[REPORTS] 2025-08-15 12:24:39 - Generating report: type=room_summary, from=2025-07-31, to=2025-08-30
[REPORTS] 2025-08-15 12:24:39 - Report generated successfully
[REPORTS] 2025-08-15 12:33:28 - Database config loaded from: C:\xampp\htdocs\reservation\api\admin\pages/../../config/db.php
[REPORTS] 2025-08-15 12:33:28 - Database connection established for reports
[REPORTS] 2025-08-15 12:33:28 - Generating report: type=room_summary, from=2025-07-31, to=2025-08-30
[REPORTS] 2025-08-15 12:33:28 - Report generated successfully
[REPORTS] 2025-08-16 02:11:09 - Database config loaded from: C:\xampp\htdocs\reservation\api\admin\pages/../../config/db.php
[REPORTS] 2025-08-16 02:11:09 - Database connection established for reports
[REPORTS] 2025-08-16 02:11:09 - Generating report: type=room_summary, from=2025-07-31, to=2025-08-30
[REPORTS] 2025-08-16 02:11:09 - Report generated successfully
[REPORTS] 2025-08-16 02:15:16 - Database config loaded from: C:\xampp\htdocs\reservation\api\admin\pages/../../config/db.php
[REPORTS] 2025-08-16 02:15:16 - Database connection established for reports
[REPORTS] 2025-08-16 02:15:16 - Generating report: type=room_summary, from=2025-07-31, to=2025-08-30
[REPORTS] 2025-08-16 02:15:16 - Report generated successfully
[REPORTS] 2025-08-16 02:17:24 - Database config loaded from: C:\xampp\htdocs\reservation\api\admin\pages/../../config/db.php
[REPORTS] 2025-08-16 02:17:24 - Database connection established for reports
[REPORTS] 2025-08-16 02:17:24 - Generating report: type=room_summary, from=2025-07-31, to=2025-08-30
[REPORTS] 2025-08-16 02:17:24 - Report generated successfully
[REPORTS] 2025-08-16 07:11:10 - Database config loaded from: C:\xampp\htdocs\reservation\api\admin\pages/../../config/db.php
[REPORTS] 2025-08-16 07:11:10 - Database connection established for reports
[REPORTS] 2025-08-16 07:11:10 - Generating report: type=room_summary, from=2025-07-31, to=2025-08-30
[REPORTS] 2025-08-16 07:11:10 - Report generated successfully
[REPORTS] 2025-08-16 07:21:00 - Database config loaded from: C:\xampp\htdocs\reservation\api\admin\pages/../../config/db.php
[REPORTS] 2025-08-16 07:21:00 - Database connection established for reports
[REPORTS] 2025-08-16 07:21:00 - Generating report: type=room_summary, from=2025-07-31, to=2025-08-30
[REPORTS] 2025-08-16 07:21:00 - Report generated successfully
[REPORTS] 2025-08-16 07:23:19 - Database config loaded from: C:\xampp\htdocs\reservation\api\admin\pages/../../config/db.php
[REPORTS] 2025-08-16 07:23:19 - Database connection established for reports
[REPORTS] 2025-08-16 07:23:19 - Generating report: type=room_summary, from=2025-07-31, to=2025-08-30
[REPORTS] 2025-08-16 07:23:19 - Report generated successfully
[REPORTS] 2025-08-16 07:23:44 - Database config loaded from: C:\xampp\htdocs\reservation\api\admin\pages/../../config/db.php
[REPORTS] 2025-08-16 07:23:44 - Database connection established for reports
[REPORTS] 2025-08-16 07:23:44 - Generating report: type=room_summary, from=2025-07-31, to=2025-08-30
[REPORTS] 2025-08-16 07:23:44 - Report generated successfully
[REPORTS] 2025-08-16 07:24:11 - Database config loaded from: C:\xampp\htdocs\reservation\api\admin\pages/../../config/db.php
[REPORTS] 2025-08-16 07:24:11 - Database connection established for reports
[REPORTS] 2025-08-16 07:24:11 - Generating report: type=room_summary, from=2025-07-31, to=2025-08-30
[REPORTS] 2025-08-16 07:24:11 - Report generated successfully
[REPORTS] 2025-08-16 07:35:15 - Database config loaded from: C:\xampp\htdocs\reservation\api\admin\pages/../../config/db.php
[REPORTS] 2025-08-16 07:35:15 - Database connection established for reports
[REPORTS] 2025-08-16 07:35:15 - Generating report: type=room_summary, from=2025-07-31, to=2025-08-30
[REPORTS] 2025-08-16 07:35:15 - Error getting room types data: SQLSTATE[42S22]: Column not found: 1054 Unknown column 'rt.base_price' in 'field list'
[REPORTS] 2025-08-16 07:35:15 - Error getting room status details: SQLSTATE[42S22]: Column not found: 1054 Unknown column 'r.updated_at' in 'field list'
[REPORTS] 2025-08-16 07:35:15 - Report generated successfully
[REPORTS] 2025-08-16 07:35:31 - Database config loaded from: C:\xampp\htdocs\reservation\api\admin\pages/../../config/db.php
[REPORTS] 2025-08-16 07:35:31 - Database connection established for reports
[REPORTS] 2025-08-16 07:35:31 - Generating report: type=occupancy, from=2025-07-31, to=2025-08-30
[REPORTS] 2025-08-16 07:35:31 - Error getting room types data: SQLSTATE[42S22]: Column not found: 1054 Unknown column 'rt.base_price' in 'field list'
[REPORTS] 2025-08-16 07:35:31 - Report generated successfully
[REPORTS] 2025-08-16 07:35:34 - Database config loaded from: C:\xampp\htdocs\reservation\api\admin\pages/../../config/db.php
[REPORTS] 2025-08-16 07:35:34 - Database connection established for reports
[REPORTS] 2025-08-16 07:35:34 - Generating report: type=maintenance, from=2025-07-31, to=2025-08-30
[REPORTS] 2025-08-16 07:35:34 - Error getting maintenance details: SQLSTATE[42S22]: Column not found: 1054 Unknown column 'r.updated_at' in 'field list'
[REPORTS] 2025-08-16 07:35:34 - Report generated successfully
[REPORTS] 2025-08-16 07:35:36 - Database config loaded from: C:\xampp\htdocs\reservation\api\admin\pages/../../config/db.php
[REPORTS] 2025-08-16 07:35:36 - Database connection established for reports
[REPORTS] 2025-08-16 07:35:36 - Generating report: type=room_types, from=2025-07-31, to=2025-08-30
[REPORTS] 2025-08-16 07:35:36 - Error getting room types data: SQLSTATE[42S22]: Column not found: 1054 Unknown column 'rt.base_price' in 'field list'
[REPORTS] 2025-08-16 07:35:36 - Report generated successfully
[REPORTS] 2025-08-16 07:40:48 - Database config loaded from: C:\xampp\htdocs\reservation\api\admin\pages/../../config/db.php
[REPORTS] 2025-08-16 07:40:48 - Database connection established for reports
[REPORTS] 2025-08-16 07:40:48 - Generating report: type=summary, from=2025-07-31, to=2025-08-30
[REPORTS] 2025-08-16 07:40:48 - Report generated successfully
[REPORTS] 2025-08-16 07:40:56 - Database config loaded from: C:\xampp\htdocs\reservation\api\admin\pages/../../config/db.php
[REPORTS] 2025-08-16 07:40:56 - Database connection established for reports
[REPORTS] 2025-08-16 07:40:56 - Generating report: type=revenue, from=2025-07-31, to=2025-08-30
[REPORTS] 2025-08-16 07:40:56 - Report generated successfully
[REPORTS] 2025-08-16 07:40:59 - Database config loaded from: C:\xampp\htdocs\reservation\api\admin\pages/../../config/db.php
[REPORTS] 2025-08-16 07:40:59 - Database connection established for reports
[REPORTS] 2025-08-16 07:40:59 - Generating report: type=occupancy, from=2025-07-31, to=2025-08-30
[REPORTS] 2025-08-16 07:40:59 - Report generated successfully
[REPORTS] 2025-08-16 07:41:01 - Database config loaded from: C:\xampp\htdocs\reservation\api\admin\pages/../../config/db.php
[REPORTS] 2025-08-16 07:41:01 - Database connection established for reports
[REPORTS] 2025-08-16 07:41:01 - Generating report: type=customer, from=2025-07-31, to=2025-08-30
[REPORTS] 2025-08-16 07:41:01 - Report generated successfully
[REPORTS] 2025-08-16 07:41:35 - Database config loaded from: C:\xampp\htdocs\reservation\api\admin\pages/../../config/db.php
[REPORTS] 2025-08-16 07:41:35 - Database connection established for reports
[REPORTS] 2025-08-16 07:41:35 - Generating report: type=summary, from=2025-07-31, to=2025-08-30
[REPORTS] 2025-08-16 07:41:35 - Report generated successfully
[REPORTS] 2025-08-16 07:48:49 - Database config loaded from: C:\xampp\htdocs\reservation\api\admin\pages/../../config/db.php
[REPORTS] 2025-08-16 07:48:49 - Database connection established for reports
[REPORTS] 2025-08-16 07:48:49 - Generating report: type=summary, from=2025-07-31, to=2025-08-30
[REPORTS] 2025-08-16 07:48:49 - Report generated successfully
[REPORTS] 2025-08-16 08:01:08 - Database config loaded from: C:\xampp\htdocs\reservation\api\admin\pages/../../config/db.php
[REPORTS] 2025-08-16 08:01:08 - Database connection established for reports
[REPORTS] 2025-08-16 08:01:08 - Generating report: type=summary, from=2025-07-31, to=2025-08-30
[REPORTS] 2025-08-16 08:01:08 - Report generated successfully
[REPORTS] 2025-08-16 08:01:48 - Database config loaded from: C:\xampp\htdocs\reservation\api\admin\pages/../../config/db.php
[REPORTS] 2025-08-16 08:01:48 - Database connection established for reports
[REPORTS] 2025-08-16 08:01:48 - Generating report: type=summary, from=2025-07-31, to=2025-08-30
[REPORTS] 2025-08-16 08:01:48 - Report generated successfully
[REPORTS] 2025-08-16 10:20:16 - Database config loaded from: C:\xampp\htdocs\reservation\api\admin\pages/../../config/db.php
[REPORTS] 2025-08-16 10:20:16 - Database connection established for reports
[REPORTS] 2025-08-16 10:20:16 - Generating report: type=summary, from=2025-07-31, to=2025-08-30
[REPORTS] 2025-08-16 10:20:16 - Report generated successfully
[REPORTS] 2025-08-16 10:28:07 - Database config loaded from: C:\xampp\htdocs\reservation\api\admin\pages/../../config/db.php
[REPORTS] 2025-08-16 10:28:07 - Database connection established for reports
[REPORTS] 2025-08-16 10:28:07 - Generating report: type=summary, from=2025-07-31, to=2025-08-30
[REPORTS] 2025-08-16 10:28:07 - Report generated successfully
[REPORTS] 2025-08-16 10:28:09 - Database config loaded from: C:\xampp\htdocs\reservation\api\admin\pages/../../config/db.php
[REPORTS] 2025-08-16 10:28:09 - Database connection established for reports
[REPORTS] 2025-08-16 10:28:09 - Generating report: type=summary, from=2025-07-31, to=2025-08-30
[REPORTS] 2025-08-16 10:28:09 - Report generated successfully
[REPORTS] 2025-08-16 10:28:14 - Database config loaded from: C:\xampp\htdocs\reservation\api\admin\pages/../../config/db.php
[REPORTS] 2025-08-16 10:28:14 - Database connection established for reports
[REPORTS] 2025-08-16 10:28:14 - Generating report: type=occupancy, from=2025-07-31, to=2025-08-30
[REPORTS] 2025-08-16 10:28:14 - Report generated successfully
[REPORTS] 2025-08-16 11:40:37 - Database config loaded from: C:\xampp\htdocs\reservation\api\admin\pages/../../config/db.php
[REPORTS] 2025-08-16 11:40:37 - Database connection established for reports
[REPORTS] 2025-08-16 11:40:37 - Generating report: type=summary, from=2025-07-31, to=2025-08-30
[REPORTS] 2025-08-16 11:40:37 - Report generated successfully
[REPORTS] 2025-08-16 11:41:36 - Database config loaded from: C:\xampp\htdocs\reservation\api\admin\pages/../../config/db.php
[REPORTS] 2025-08-16 11:41:36 - Database connection established for reports
[REPORTS] 2025-08-16 11:41:36 - Generating report: type=summary, from=2025-07-31, to=2025-08-30
[REPORTS] 2025-08-16 11:41:36 - Report generated successfully
[REPORTS] 2025-08-16 15:55:32 - Database config loaded from: C:\xampp\htdocs\reservation\api\admin\pages/../../config/db.php
[REPORTS] 2025-08-16 15:55:32 - Database connection established for reports
[REPORTS] 2025-08-16 15:55:32 - Generating report: type=summary, from=2025-07-31, to=2025-08-30
[REPORTS] 2025-08-16 15:55:32 - Report generated successfully
[REPORTS] 2025-08-16 15:55:34 - Database config loaded from: C:\xampp\htdocs\reservation\api\admin\pages/../../config/db.php
[REPORTS] 2025-08-16 15:55:34 - Database connection established for reports
[REPORTS] 2025-08-16 15:55:34 - Generating report: type=summary, from=2025-07-31, to=2025-08-30
[REPORTS] 2025-08-16 15:55:34 - Report generated successfully
[REPORTS] 2025-08-16 15:57:23 - Database config loaded from: C:\xampp\htdocs\reservation\api\admin\pages/../../config/db.php
[REPORTS] 2025-08-16 15:57:23 - Database connection established for reports
[REPORTS] 2025-08-16 15:57:23 - Generating report: type=summary, from=2025-07-31, to=2025-08-30
[REPORTS] 2025-08-16 15:57:23 - Report generated successfully
[REPORTS] 2025-08-16 17:25:48 - Database config loaded from: C:\xampp\htdocs\reservation\api\admin\pages/../../config/db.php
[REPORTS] 2025-08-16 17:25:48 - Database connection established for reports
[REPORTS] 2025-08-16 17:25:48 - Generating report: type=summary, from=2025-07-31, to=2025-08-30
[REPORTS] 2025-08-16 17:25:48 - Report generated successfully
[REPORTS] 2025-08-17 03:06:02 - Database config loaded from: C:\xampp\htdocs\reservation\api\admin\pages/../../config/db.php
[REPORTS] 2025-08-17 03:06:02 - Database connection established for reports
[REPORTS] 2025-08-17 03:06:02 - Generating report: type=summary, from=2025-07-31, to=2025-08-30
[REPORTS] 2025-08-17 03:06:02 - Report generated successfully
[REPORTS] 2025-08-17 06:26:17 - Database config loaded from: C:\xampp\htdocs\reservation\api\admin\pages/../../config/db.php
[REPORTS] 2025-08-17 06:26:17 - Database connection established for reports
[REPORTS] 2025-08-17 06:26:17 - Generating report: type=summary, from=2025-08-01, to=2025-08-31
[REPORTS] 2025-08-17 06:26:17 - Report generated successfully
[REPORTS] 2025-08-17 06:42:30 - Database config loaded from: C:\xampp\htdocs\reservation\api\admin\pages/../../config/db.php
[REPORTS] 2025-08-17 06:42:30 - Database connection established for reports
[REPORTS] 2025-08-17 06:42:30 - Generating report: type=summary, from=2025-07-31, to=2025-08-30
[REPORTS] 2025-08-17 06:42:30 - Report generated successfully
[REPORTS] 2025-08-17 06:42:35 - Database config loaded from: C:\xampp\htdocs\reservation\api\admin\pages/../../config/db.php
[REPORTS] 2025-08-17 06:42:35 - Database connection established for reports
[REPORTS] 2025-08-17 06:42:35 - Generating report: type=summary, from=2025-07-31, to=2025-08-30
[REPORTS] 2025-08-17 06:42:35 - Report generated successfully
[REPORTS] 2025-08-17 06:50:52 - Database config loaded from: C:\xampp\htdocs\reservation\api\admin\pages/../../config/db.php
[REPORTS] 2025-08-17 06:50:52 - Database connection established for reports
[REPORTS] 2025-08-17 06:50:52 - Generating report: type=summary, from=2025-07-31, to=2025-08-30
[REPORTS] 2025-08-17 06:50:52 - Report generated successfully
[REPORTS] 2025-08-17 06:51:12 - Database config loaded from: C:\xampp\htdocs\reservation\api\admin\pages/../../config/db.php
[REPORTS] 2025-08-17 06:51:12 - Database connection established for reports
[REPORTS] 2025-08-17 06:51:12 - Generating report: type=summary, from=2025-07-31, to=2025-08-30
[REPORTS] 2025-08-17 06:51:12 - Report generated successfully
[REPORTS] 2025-08-17 06:51:22 - Database config loaded from: C:\xampp\htdocs\reservation\api\admin\pages/../../config/db.php
[REPORTS] 2025-08-17 06:51:22 - Database connection established for reports
[REPORTS] 2025-08-17 06:51:22 - Generating report: type=revenue, from=2025-07-31, to=2025-08-30
[REPORTS] 2025-08-17 06:51:22 - Report generated successfully
[REPORTS] 2025-08-17 06:51:24 - Database config loaded from: C:\xampp\htdocs\reservation\api\admin\pages/../../config/db.php
[REPORTS] 2025-08-17 06:51:24 - Database connection established for reports
[REPORTS] 2025-08-17 06:51:24 - Generating report: type=occupancy, from=2025-07-31, to=2025-08-30
[REPORTS] 2025-08-17 06:51:24 - Report generated successfully
[REPORTS] 2025-08-17 06:51:26 - Database config loaded from: C:\xampp\htdocs\reservation\api\admin\pages/../../config/db.php
[REPORTS] 2025-08-17 06:51:26 - Database connection established for reports
[REPORTS] 2025-08-17 06:51:26 - Generating report: type=customer, from=2025-07-31, to=2025-08-30
[REPORTS] 2025-08-17 06:51:26 - Report generated successfully
[REPORTS] 2025-08-17 06:55:43 - Database config loaded from: C:\xampp\htdocs\reservation\api\admin\pages/../../config/db.php
[REPORTS] 2025-08-17 06:55:43 - Database connection established for reports
[REPORTS] 2025-08-17 06:55:43 - Generating report: type=summary, from=2025-07-31, to=2025-08-30
[REPORTS] 2025-08-17 06:55:43 - Report generated successfully
[REPORTS] 2025-08-17 07:27:54 - Database config loaded from: C:\xampp\htdocs\reservation\api\admin\pages/../../config/db.php
[REPORTS] 2025-08-17 07:27:54 - Database connection established for reports
[REPORTS] 2025-08-17 07:27:54 - Generating report: type=summary, from=2025-07-31, to=2025-08-30
[REPORTS] 2025-08-17 07:27:54 - Report generated successfully
[REPORTS] 2025-08-17 07:28:01 - Database config loaded from: C:\xampp\htdocs\reservation\api\admin\pages/../../config/db.php
[REPORTS] 2025-08-17 07:28:01 - Database connection established for reports
[REPORTS] 2025-08-17 07:28:01 - Generating report: type=summary, from=2025-07-31, to=2025-08-30
[REPORTS] 2025-08-17 07:28:01 - Report generated successfully
