[USERS] 2025-08-10 06:38:03 - Database config loaded from: C:\xampp\htdocs\reservation\api\admin\pages/../../config/db.php
[USERS] 2025-08-10 06:38:03 - Database connection established for users management
[USERS] 2025-08-10 06:38:03 - Fetching all users
[USERS] 2025-08-10 06:38:03 - Retrieved 1 users
[USERS] 2025-08-10 06:40:16 - Database config loaded from: C:\xampp\htdocs\reservation\api\admin\pages/../../config/db.php
[USERS] 2025-08-10 06:40:16 - Database connection established for users management
[USERS] 2025-08-10 06:40:16 - Fetching all users
[USERS] 2025-08-10 06:40:16 - Retrieved 1 users
[USERS] 2025-08-10 06:41:07 - Database config loaded from: C:\xampp\htdocs\reservation\api\admin\pages/../../config/db.php
[USERS] 2025-08-10 06:41:07 - Database connection established for users management
[USERS] 2025-08-10 06:41:07 - Fetching all users
[USERS] 2025-08-10 06:41:07 - Retrieved 1 users
[USERS] 2025-08-10 06:47:31 - Database config loaded from: C:\xampp\htdocs\reservation\api\admin\pages/../../config/db.php
[USERS] 2025-08-10 06:47:31 - Database connection established for users management
[USERS] 2025-08-10 06:47:31 - Fetching all users
[USERS] 2025-08-10 06:47:31 - Retrieved 1 users
[USERS] 2025-08-10 06:47:36 - Database config loaded from: C:\xampp\htdocs\reservation\api\admin\pages/../../config/db.php
[USERS] 2025-08-10 06:47:36 - Database connection established for users management
[USERS] 2025-08-10 06:47:36 - Fetching all users
[USERS] 2025-08-10 06:47:36 - Retrieved 1 users
[USERS] 2025-08-10 06:50:25 - Database config loaded from: C:\xampp\htdocs\reservation\api\admin\pages/../../config/db.php
[USERS] 2025-08-10 06:50:25 - Database connection established for users management
[USERS] 2025-08-10 06:50:25 - Fetching all users
[USERS] 2025-08-10 06:50:25 - Retrieved 1 users
[USERS] 2025-08-10 06:50:40 - Database config loaded from: C:\xampp\htdocs\reservation\api\admin\pages/../../config/db.php
[USERS] 2025-08-10 06:50:40 - Database connection established for users management
[USERS] 2025-08-10 06:50:40 - Fetching all users
[USERS] 2025-08-10 06:50:40 - Retrieved 1 users
[USERS] 2025-08-10 06:50:56 - Database config loaded from: C:\xampp\htdocs\reservation\api\admin\pages/../../config/db.php
[USERS] 2025-08-10 06:50:56 - Database connection established for users management
[USERS] 2025-08-10 06:50:56 - New user created with ID: 2
[USERS] 2025-08-10 06:50:56 - Database config loaded from: C:\xampp\htdocs\reservation\api\admin\pages/../../config/db.php
[USERS] 2025-08-10 06:50:56 - Database connection established for users management
[USERS] 2025-08-10 06:50:56 - Fetching all users
[USERS] 2025-08-10 06:50:56 - Retrieved 2 users
[USERS] 2025-08-10 06:56:02 - Database config loaded from: C:\xampp\htdocs\reservation\api\admin\pages/../../config/db.php
[USERS] 2025-08-10 06:56:02 - Database connection established for users management
[USERS] 2025-08-10 06:56:02 - Fetching all users
[USERS] 2025-08-10 06:56:02 - Retrieved 2 users
[USERS] 2025-08-10 07:02:12 - Database config loaded from: C:\xampp\htdocs\reservation\api\admin\pages/../../config/db.php
[USERS] 2025-08-10 07:02:12 - Database connection established for users management
[USERS] 2025-08-10 07:02:12 - Fetching all users
[USERS] 2025-08-10 07:02:12 - Retrieved 2 users
[USERS] 2025-08-10 07:02:19 - Database config loaded from: C:\xampp\htdocs\reservation\api\admin\pages/../../config/db.php
[USERS] 2025-08-10 07:02:19 - Database connection established for users management
[USERS] 2025-08-10 07:02:19 - Fetching all users
[USERS] 2025-08-10 07:02:19 - Retrieved 2 users
[USERS] 2025-08-10 07:10:25 - Database config loaded from: C:\xampp\htdocs\reservation\api\admin\pages/../../config/db.php
[USERS] 2025-08-10 07:10:25 - Database connection established for users management
[USERS] 2025-08-10 07:10:25 - Fetching all users
[USERS] 2025-08-10 07:10:25 - Retrieved 2 users
[USERS] 2025-08-10 07:10:27 - Database config loaded from: C:\xampp\htdocs\reservation\api\admin\pages/../../config/db.php
[USERS] 2025-08-10 07:10:27 - Database connection established for users management
[USERS] 2025-08-10 07:10:27 - Fetching all users
[USERS] 2025-08-10 07:10:27 - Retrieved 2 users
[USERS] 2025-08-10 07:10:28 - Database config loaded from: C:\xampp\htdocs\reservation\api\admin\pages/../../config/db.php
[USERS] 2025-08-10 07:10:28 - Database connection established for users management
[USERS] 2025-08-10 07:10:28 - Fetching all users
[USERS] 2025-08-10 07:10:28 - Retrieved 2 users
[USERS] 2025-08-10 07:10:28 - Database config loaded from: C:\xampp\htdocs\reservation\api\admin\pages/../../config/db.php
[USERS] 2025-08-10 07:10:28 - Database connection established for users management
[USERS] 2025-08-10 07:10:28 - Fetching all users
[USERS] 2025-08-10 07:10:28 - Retrieved 2 users
[USERS] 2025-08-10 07:10:31 - Database config loaded from: C:\xampp\htdocs\reservation\api\admin\pages/../../config/db.php
[USERS] 2025-08-10 07:10:31 - Database connection established for users management
[USERS] 2025-08-10 07:10:31 - Fetching all users
[USERS] 2025-08-10 07:10:31 - Retrieved 2 users
[USERS] 2025-08-10 07:15:33 - Database config loaded from: C:\xampp\htdocs\reservation\api\admin\pages/../../config/db.php
[USERS] 2025-08-10 07:15:33 - Database connection established for users management
[USERS] 2025-08-10 07:15:33 - Fetching all users
[USERS] 2025-08-10 07:15:33 - Retrieved 2 users
[USERS] 2025-08-10 07:46:43 - Non-admin user attempted to access users management
[USERS] 2025-08-10 08:22:56 - Database config loaded from: C:\xampp\htdocs\reservation\api\admin\pages/../../config/db.php
[USERS] 2025-08-10 08:22:56 - Database connection established for users management
[USERS] 2025-08-10 08:22:56 - Fetching all users
[USERS] 2025-08-10 08:22:56 - Retrieved 2 users
[USERS] 2025-08-10 08:28:25 - Database config loaded from: C:\xampp\htdocs\reservation\api\admin\pages/../../config/db.php
[USERS] 2025-08-10 08:28:25 - Database connection established for users management
[USERS] 2025-08-10 08:28:25 - Fetching all users
[USERS] 2025-08-10 08:28:25 - Retrieved 2 users
[USERS] 2025-08-11 01:51:35 - Database config loaded from: C:\xampp\htdocs\reservation\api\admin\pages/../../config/db.php
[USERS] 2025-08-11 01:51:35 - Database connection established for users management
[USERS] 2025-08-11 01:51:35 - Fetching all users
[USERS] 2025-08-11 01:51:35 - Retrieved 2 users
[USERS] 2025-08-11 01:56:07 - Database config loaded from: C:\xampp\htdocs\reservation\api\admin\pages/../../config/db.php
[USERS] 2025-08-11 01:56:07 - Database connection established for users management
[USERS] 2025-08-11 01:56:07 - Fetching all users
[USERS] 2025-08-11 01:56:07 - Retrieved 2 users
[USERS] 2025-08-11 01:56:10 - Database config loaded from: C:\xampp\htdocs\reservation\api\admin\pages/../../config/db.php
[USERS] 2025-08-11 01:56:10 - Database connection established for users management
[USERS] 2025-08-11 01:56:10 - Fetching all users
[USERS] 2025-08-11 01:56:10 - Retrieved 2 users
[USERS] 2025-08-11 04:37:43 - Database config loaded from: C:\xampp\htdocs\reservation\api\admin\pages/../../config/db.php
[USERS] 2025-08-11 04:37:43 - Database connection established for users management
[USERS] 2025-08-11 04:37:43 - Fetching all users
[USERS] 2025-08-11 04:37:43 - Retrieved 2 users
[USERS] 2025-08-11 04:45:15 - Database config loaded from: C:\xampp\htdocs\reservation\api\admin\pages/../../config/db.php
[USERS] 2025-08-11 04:45:15 - Database connection established for users management
[USERS] 2025-08-11 04:45:15 - Fetching all users
[USERS] 2025-08-11 04:45:15 - Retrieved 2 users
[USERS] 2025-08-11 04:48:41 - Database config loaded from: C:\xampp\htdocs\reservation\api\admin\pages/../../config/db.php
[USERS] 2025-08-11 04:48:41 - Database connection established for users management
[USERS] 2025-08-11 04:48:41 - Fetching all users
[USERS] 2025-08-11 04:48:41 - Retrieved 2 users
[USERS] 2025-08-11 04:54:23 - Database config loaded from: C:\xampp\htdocs\reservation\api\admin\pages/../../config/db.php
[USERS] 2025-08-11 04:54:23 - Database connection established for users management
[USERS] 2025-08-11 04:54:23 - Fetching all users
[USERS] 2025-08-11 04:54:23 - Retrieved 2 users
[USERS] 2025-08-11 04:55:31 - Database config loaded from: C:\xampp\htdocs\reservation\api\admin\pages/../../config/db.php
[USERS] 2025-08-11 04:55:31 - Database connection established for users management
[USERS] 2025-08-11 04:55:31 - Fetching all users
[USERS] 2025-08-11 04:55:31 - Retrieved 2 users
[USERS] 2025-08-11 04:56:14 - Database config loaded from: C:\xampp\htdocs\reservation\api\admin\pages/../../config/db.php
[USERS] 2025-08-11 04:56:14 - Database connection established for users management
[USERS] 2025-08-11 04:56:14 - New user created with ID: 3
[USERS] 2025-08-11 04:56:14 - Database config loaded from: C:\xampp\htdocs\reservation\api\admin\pages/../../config/db.php
[USERS] 2025-08-11 04:56:14 - Database connection established for users management
[USERS] 2025-08-11 04:56:14 - Fetching all users
[USERS] 2025-08-11 04:56:14 - Retrieved 3 users
[USERS] 2025-08-11 04:56:43 - Database config loaded from: C:\xampp\htdocs\reservation\api\admin\pages/../../config/db.php
[USERS] 2025-08-11 04:56:43 - Database connection established for users management
[USERS] 2025-08-11 04:56:43 - Error updating user: SQLSTATE[42S22]: Column not found: 1054 Unknown column 'updated_at' in 'field list'
[USERS] 2025-08-11 04:56:43 - Database error: SQLSTATE[42S22]: Column not found: 1054 Unknown column 'updated_at' in 'field list'
[USERS] 2025-08-11 04:58:59 - Database config loaded from: C:\xampp\htdocs\reservation\api\admin\pages/../../config/db.php
[USERS] 2025-08-11 04:58:59 - Database connection established for users management
[USERS] 2025-08-11 04:58:59 - Fetching all users
[USERS] 2025-08-11 04:58:59 - Retrieved 3 users
[USERS] 2025-08-11 04:59:02 - Database config loaded from: C:\xampp\htdocs\reservation\api\admin\pages/../../config/db.php
[USERS] 2025-08-11 04:59:02 - Database connection established for users management
[USERS] 2025-08-11 04:59:02 - Fetching all users
[USERS] 2025-08-11 04:59:02 - Retrieved 3 users
[USERS] 2025-08-11 07:01:44 - Database config loaded from: C:\xampp\htdocs\reservation\api\admin\pages/../../config/db.php
[USERS] 2025-08-11 07:01:44 - Database connection established for users management
[USERS] 2025-08-11 07:01:44 - Fetching all users
[USERS] 2025-08-11 07:01:44 - Retrieved 3 users
[USERS] 2025-08-11 07:07:08 - Database config loaded from: C:\xampp\htdocs\reservation\api\admin\pages/../../config/db.php
[USERS] 2025-08-11 07:07:08 - Database connection established for users management
[USERS] 2025-08-11 07:07:08 - Fetching all users
[USERS] 2025-08-11 07:07:08 - Retrieved 3 users
[USERS] 2025-08-11 07:07:18 - Database config loaded from: C:\xampp\htdocs\reservation\api\admin\pages/../../config/db.php
[USERS] 2025-08-11 07:07:18 - Database connection established for users management
[USERS] 2025-08-11 07:07:18 - Fetching all users
[USERS] 2025-08-11 07:07:18 - Retrieved 3 users
[USERS] 2025-08-11 12:10:33 - Database config loaded from: C:\xampp\htdocs\reservation\api\admin\pages/../../config/db.php
[USERS] 2025-08-11 12:10:33 - Database connection established for users management
[USERS] 2025-08-11 12:10:33 - Fetching all users
[USERS] 2025-08-11 12:10:33 - Retrieved 3 users
[USERS] 2025-08-11 12:10:55 - Database config loaded from: C:\xampp\htdocs\reservation\api\admin\pages/../../config/db.php
[USERS] 2025-08-11 12:10:55 - Database connection established for users management
[USERS] 2025-08-11 12:10:55 - New user created with ID: 4
[USERS] 2025-08-11 12:10:55 - Database config loaded from: C:\xampp\htdocs\reservation\api\admin\pages/../../config/db.php
[USERS] 2025-08-11 12:10:55 - Database connection established for users management
[USERS] 2025-08-11 12:10:55 - Fetching all users
[USERS] 2025-08-11 12:10:55 - Retrieved 4 users
[USERS] 2025-08-11 12:11:11 - Database config loaded from: C:\xampp\htdocs\reservation\api\admin\pages/../../config/db.php
[USERS] 2025-08-11 12:11:11 - Database connection established for users management
[USERS] 2025-08-11 12:11:11 - Error updating user: SQLSTATE[42S22]: Column not found: 1054 Unknown column 'updated_at' in 'field list'
[USERS] 2025-08-11 12:11:11 - Database error: SQLSTATE[42S22]: Column not found: 1054 Unknown column 'updated_at' in 'field list'
[USERS] 2025-08-11 12:24:36 - Database config loaded from: C:\xampp\htdocs\reservation\api\admin\pages/../../config/db.php
[USERS] 2025-08-11 12:24:36 - Database connection established for users management
[USERS] 2025-08-11 12:24:36 - Error updating user: SQLSTATE[42S22]: Column not found: 1054 Unknown column 'updated_at' in 'field list'
[USERS] 2025-08-11 12:24:36 - Database error: SQLSTATE[42S22]: Column not found: 1054 Unknown column 'updated_at' in 'field list'
[USERS] 2025-08-11 12:25:15 - Database config loaded from: C:\xampp\htdocs\reservation\api\admin\pages/../../config/db.php
[USERS] 2025-08-11 12:25:15 - Database connection established for users management
[USERS] 2025-08-11 12:25:15 - Error updating user: SQLSTATE[42S22]: Column not found: 1054 Unknown column 'updated_at' in 'field list'
[USERS] 2025-08-11 12:25:15 - Database error: SQLSTATE[42S22]: Column not found: 1054 Unknown column 'updated_at' in 'field list'
[USERS] 2025-08-11 12:25:20 - Database config loaded from: C:\xampp\htdocs\reservation\api\admin\pages/../../config/db.php
[USERS] 2025-08-11 12:25:20 - Database connection established for users management
[USERS] 2025-08-11 12:25:20 - Fetching all users
[USERS] 2025-08-11 12:25:20 - Retrieved 4 users
[USERS] 2025-08-11 12:25:35 - Database config loaded from: C:\xampp\htdocs\reservation\api\admin\pages/../../config/db.php
[USERS] 2025-08-11 12:25:35 - Database connection established for users management
[USERS] 2025-08-11 12:25:35 - Error updating user: SQLSTATE[42S22]: Column not found: 1054 Unknown column 'updated_at' in 'field list'
[USERS] 2025-08-11 12:25:35 - Database error: SQLSTATE[42S22]: Column not found: 1054 Unknown column 'updated_at' in 'field list'
